  [1m[35m (0.2ms)[0m  [1m[35mCREATE DATABASE "open-flights_development" ENCODING = 'unicode'[0m
  ↳ bin/rails:4
  [1m[35m (51.4ms)[0m  [1m[35mCREATE DATABASE "open-flights_development" ENCODING = 'unicode'[0m
  ↳ bin/rails:4
  [1m[35m (39.1ms)[0m  [1m[35mCREATE DATABASE "open-flights_test" ENCODING = 'unicode'[0m
  ↳ bin/rails:4
  [1m[35m (14.1ms)[0m  [1m[35mCREATE TABLE "schema_migrations" ("version" character varying NOT NULL PRIMARY KEY)[0m
  ↳ bin/rails:4
  [1m[35m (5.8ms)[0m  [1m[35mCREATE TABLE "ar_internal_metadata" ("key" character varying NOT NULL PRIMARY KEY, "value" character varying, "created_at" timestamp NOT NULL, "updated_at" timestamp NOT NULL)[0m
  ↳ bin/rails:4
  [1m[35m (0.1ms)[0m  [1m[34mSELECT pg_try_advisory_lock(7060022447661264270)[0m
  ↳ bin/rails:4
  [1m[35m (0.2ms)[0m  [1m[34mSELECT "schema_migrations"."version" FROM "schema_migrations" ORDER BY "schema_migrations"."version" ASC[0m
  ↳ bin/rails:4
Migrating to CreateAirlines (20221126134143)
  [1m[35m (0.1ms)[0m  [1m[35mBEGIN[0m
  ↳ bin/rails:4
  [1m[35m (2.6ms)[0m  [1m[35mCREATE TABLE "airlines" ("id" bigserial primary key, "name" character varying, "image_url" character varying, "slug" character varying, "created_at" timestamp NOT NULL, "updated_at" timestamp NOT NULL)[0m
  ↳ db/migrate/20221126134143_create_airlines.rb:3
  [1m[36mActiveRecord::SchemaMigration Create (0.2ms)[0m  [1m[32mINSERT INTO "schema_migrations" ("version") VALUES ($1) RETURNING "version"[0m  [["version", "20221126134143"]]
  ↳ bin/rails:4
  [1m[35m (0.8ms)[0m  [1m[35mCOMMIT[0m
  ↳ bin/rails:4
Migrating to CreateReviews (20221126134328)
  [1m[35m (0.5ms)[0m  [1m[35mBEGIN[0m
  ↳ bin/rails:4
  [1m[35m (3.0ms)[0m  [1m[35mCREATE TABLE "reviews" ("id" bigserial primary key, "title" character varying, "description" character varying, "score" integer, "airline_id" bigint, "created_at" timestamp NOT NULL, "updated_at" timestamp NOT NULL, CONSTRAINT "fk_rails_3a3d57cfdb"
FOREIGN KEY ("airline_id")
  REFERENCES "airlines" ("id")
)[0m
  ↳ db/migrate/20221126134328_create_reviews.rb:3
  [1m[35m (1.6ms)[0m  [1m[35mCREATE  INDEX  "index_reviews_on_airline_id" ON "reviews"  ("airline_id")[0m
  ↳ db/migrate/20221126134328_create_reviews.rb:3
  [1m[36mActiveRecord::SchemaMigration Create (0.1ms)[0m  [1m[32mINSERT INTO "schema_migrations" ("version") VALUES ($1) RETURNING "version"[0m  [["version", "20221126134328"]]
  ↳ bin/rails:4
  [1m[35m (0.4ms)[0m  [1m[35mCOMMIT[0m
  ↳ bin/rails:4
  [1m[36mActiveRecord::InternalMetadata Load (0.1ms)[0m  [1m[34mSELECT  "ar_internal_metadata".* FROM "ar_internal_metadata" WHERE "ar_internal_metadata"."key" = $1 LIMIT $2[0m  [["key", "environment"], ["LIMIT", 1]]
  ↳ bin/rails:4
  [1m[35m (0.1ms)[0m  [1m[35mBEGIN[0m
  ↳ bin/rails:4
  [1m[36mActiveRecord::InternalMetadata Create (0.2ms)[0m  [1m[32mINSERT INTO "ar_internal_metadata" ("key", "value", "created_at", "updated_at") VALUES ($1, $2, $3, $4) RETURNING "key"[0m  [["key", "environment"], ["value", "development"], ["created_at", "2022-11-26 13:45:43.905907"], ["updated_at", "2022-11-26 13:45:43.905907"]]
  ↳ bin/rails:4
  [1m[35m (0.4ms)[0m  [1m[35mCOMMIT[0m
  ↳ bin/rails:4
  [1m[35m (0.1ms)[0m  [1m[34mSELECT pg_advisory_unlock(7060022447661264270)[0m
  ↳ bin/rails:4
  [1m[35m (0.1ms)[0m  [1m[34mSELECT "schema_migrations"."version" FROM "schema_migrations" ORDER BY "schema_migrations"."version" ASC[0m
  ↳ bin/rails:4
  [1m[35m (0.2ms)[0m  [1m[34mSELECT "schema_migrations"."version" FROM "schema_migrations" ORDER BY "schema_migrations"."version" ASC[0m
  ↳ bin/rails:4
  [1m[35m (0.2ms)[0m  [1m[35mBEGIN[0m
  ↳ db/seeds.rb:8
  [1m[36mAirline Create (0.6ms)[0m  [1m[32mINSERT INTO "airlines" ("name", "image_url", "slug", "created_at", "updated_at") VALUES ($1, $2, $3, $4, $5) RETURNING "id"[0m  [["name", "United Airlines"], ["image_url", "https://open-flights.s3.amazonaws.com/United-Airlines.png"], ["slug", "united-airlines"], ["created_at", "2022-11-26 13:53:54.414649"], ["updated_at", "2022-11-26 13:53:54.414649"]]
  ↳ db/seeds.rb:8
  [1m[35m (0.6ms)[0m  [1m[35mCOMMIT[0m
  ↳ db/seeds.rb:8
  [1m[35m (0.1ms)[0m  [1m[35mBEGIN[0m
  ↳ db/seeds.rb:8
  [1m[36mAirline Create (0.2ms)[0m  [1m[32mINSERT INTO "airlines" ("name", "image_url", "slug", "created_at", "updated_at") VALUES ($1, $2, $3, $4, $5) RETURNING "id"[0m  [["name", "Southwest"], ["image_url", "https://open-flights.s3.amazonaws.com/Southwest-Airlines.png"], ["slug", "southwest"], ["created_at", "2022-11-26 13:53:54.464011"], ["updated_at", "2022-11-26 13:53:54.464011"]]
  ↳ db/seeds.rb:8
  [1m[35m (0.4ms)[0m  [1m[35mCOMMIT[0m
  ↳ db/seeds.rb:8
  [1m[35m (0.1ms)[0m  [1m[35mBEGIN[0m
  ↳ db/seeds.rb:8
  [1m[36mAirline Create (0.2ms)[0m  [1m[32mINSERT INTO "airlines" ("name", "image_url", "slug", "created_at", "updated_at") VALUES ($1, $2, $3, $4, $5) RETURNING "id"[0m  [["name", "Delta"], ["image_url", "https://open-flights.s3.amazonaws.com/Delta.png"], ["slug", "delta"], ["created_at", "2022-11-26 13:53:54.465332"], ["updated_at", "2022-11-26 13:53:54.465332"]]
  ↳ db/seeds.rb:8
  [1m[35m (0.5ms)[0m  [1m[35mCOMMIT[0m
  ↳ db/seeds.rb:8
  [1m[35m (0.1ms)[0m  [1m[35mBEGIN[0m
  ↳ db/seeds.rb:8
  [1m[36mAirline Create (0.1ms)[0m  [1m[32mINSERT INTO "airlines" ("name", "image_url", "slug", "created_at", "updated_at") VALUES ($1, $2, $3, $4, $5) RETURNING "id"[0m  [["name", "Alaska Airlines"], ["image_url", "https://open-flights.s3.amazonaws.com/Alaska-Airlines.png"], ["slug", "alaska-airlines"], ["created_at", "2022-11-26 13:53:54.466638"], ["updated_at", "2022-11-26 13:53:54.466638"]]
  ↳ db/seeds.rb:8
  [1m[35m (0.5ms)[0m  [1m[35mCOMMIT[0m
  ↳ db/seeds.rb:8
  [1m[35m (0.1ms)[0m  [1m[35mBEGIN[0m
  ↳ db/seeds.rb:8
  [1m[36mAirline Create (0.1ms)[0m  [1m[32mINSERT INTO "airlines" ("name", "image_url", "slug", "created_at", "updated_at") VALUES ($1, $2, $3, $4, $5) RETURNING "id"[0m  [["name", "JetBlue"], ["image_url", "https://open-flights.s3.amazonaws.com/JetBlue.png"], ["slug", "jetblue"], ["created_at", "2022-11-26 13:53:54.467899"], ["updated_at", "2022-11-26 13:53:54.467899"]]
  ↳ db/seeds.rb:8
  [1m[35m (0.5ms)[0m  [1m[35mCOMMIT[0m
  ↳ db/seeds.rb:8
  [1m[35m (0.1ms)[0m  [1m[35mBEGIN[0m
  ↳ db/seeds.rb:8
  [1m[36mAirline Create (0.1ms)[0m  [1m[32mINSERT INTO "airlines" ("name", "image_url", "slug", "created_at", "updated_at") VALUES ($1, $2, $3, $4, $5) RETURNING "id"[0m  [["name", "American Airlines"], ["image_url", "https://open-flights.s3.amazonaws.com/American-Airlines.png"], ["slug", "american-airlines"], ["created_at", "2022-11-26 13:53:54.469099"], ["updated_at", "2022-11-26 13:53:54.469099"]]
  ↳ db/seeds.rb:8
  [1m[35m (0.5ms)[0m  [1m[35mCOMMIT[0m
  ↳ db/seeds.rb:8
  [1m[36mAirline Load (0.2ms)[0m  [1m[34mSELECT  "airlines".* FROM "airlines" ORDER BY "airlines"."id" ASC LIMIT $1[0m  [["LIMIT", 1]]
  [1m[35m (0.5ms)[0m  [1m[34mSELECT AVG("reviews"."score") FROM "reviews" WHERE "reviews"."airline_id" = $1[0m  [["airline_id", 1]]
  [1m[35m (0.2ms)[0m  [1m[34mSELECT AVG("reviews"."score") FROM "reviews" WHERE "reviews"."airline_id" = $1[0m  [["airline_id", 1]]
  [1m[35m (0.3ms)[0m  [1m[34mSELECT "schema_migrations"."version" FROM "schema_migrations" ORDER BY "schema_migrations"."version" ASC[0m
  ↳ bin/rails:4
  [1m[35m (0.1ms)[0m  [1m[35mBEGIN[0m
  ↳ db/seeds.rb:8
  [1m[36mAirline Create (0.5ms)[0m  [1m[32mINSERT INTO "airlines" ("name", "image_url", "slug", "created_at", "updated_at") VALUES ($1, $2, $3, $4, $5) RETURNING "id"[0m  [["name", "United Airlines"], ["image_url", "https://open-flights.s3.amazonaws.com/United-Airlines.png"], ["slug", "united-airlines"], ["created_at", "2022-11-26 14:04:08.276525"], ["updated_at", "2022-11-26 14:04:08.276525"]]
  ↳ db/seeds.rb:8
  [1m[35m (2.5ms)[0m  [1m[35mCOMMIT[0m
  ↳ db/seeds.rb:8
  [1m[35m (0.1ms)[0m  [1m[35mBEGIN[0m
  ↳ db/seeds.rb:8
  [1m[36mAirline Create (3.3ms)[0m  [1m[32mINSERT INTO "airlines" ("name", "image_url", "slug", "created_at", "updated_at") VALUES ($1, $2, $3, $4, $5) RETURNING "id"[0m  [["name", "Southwest"], ["image_url", "https://open-flights.s3.amazonaws.com/Southwest-Airlines.png"], ["slug", "southwest"], ["created_at", "2022-11-26 14:04:08.316690"], ["updated_at", "2022-11-26 14:04:08.316690"]]
  ↳ db/seeds.rb:8
  [1m[35m (2.3ms)[0m  [1m[35mCOMMIT[0m
  ↳ db/seeds.rb:8
  [1m[35m (0.1ms)[0m  [1m[35mBEGIN[0m
  ↳ db/seeds.rb:8
  [1m[36mAirline Create (1.3ms)[0m  [1m[32mINSERT INTO "airlines" ("name", "image_url", "slug", "created_at", "updated_at") VALUES ($1, $2, $3, $4, $5) RETURNING "id"[0m  [["name", "Delta"], ["image_url", "https://open-flights.s3.amazonaws.com/Delta.png"], ["slug", "delta"], ["created_at", "2022-11-26 14:04:08.324999"], ["updated_at", "2022-11-26 14:04:08.324999"]]
  ↳ db/seeds.rb:8
  [1m[35m (1.5ms)[0m  [1m[35mCOMMIT[0m
  ↳ db/seeds.rb:8
  [1m[35m (0.1ms)[0m  [1m[35mBEGIN[0m
  ↳ db/seeds.rb:8
  [1m[36mAirline Create (2.1ms)[0m  [1m[32mINSERT INTO "airlines" ("name", "image_url", "slug", "created_at", "updated_at") VALUES ($1, $2, $3, $4, $5) RETURNING "id"[0m  [["name", "Alaska Airlines"], ["image_url", "https://open-flights.s3.amazonaws.com/Alaska-Airlines.png"], ["slug", "alaska-airlines"], ["created_at", "2022-11-26 14:04:08.330865"], ["updated_at", "2022-11-26 14:04:08.330865"]]
  ↳ db/seeds.rb:8
  [1m[35m (3.5ms)[0m  [1m[35mCOMMIT[0m
  ↳ db/seeds.rb:8
  [1m[35m (0.2ms)[0m  [1m[35mBEGIN[0m
  ↳ db/seeds.rb:8
  [1m[36mAirline Create (3.6ms)[0m  [1m[32mINSERT INTO "airlines" ("name", "image_url", "slug", "created_at", "updated_at") VALUES ($1, $2, $3, $4, $5) RETURNING "id"[0m  [["name", "JetBlue"], ["image_url", "https://open-flights.s3.amazonaws.com/JetBlue.png"], ["slug", "jetblue"], ["created_at", "2022-11-26 14:04:08.341613"], ["updated_at", "2022-11-26 14:04:08.341613"]]
  ↳ db/seeds.rb:8
  [1m[35m (0.6ms)[0m  [1m[35mCOMMIT[0m
  ↳ db/seeds.rb:8
  [1m[35m (0.0ms)[0m  [1m[35mBEGIN[0m
  ↳ db/seeds.rb:8
  [1m[36mAirline Create (0.2ms)[0m  [1m[32mINSERT INTO "airlines" ("name", "image_url", "slug", "created_at", "updated_at") VALUES ($1, $2, $3, $4, $5) RETURNING "id"[0m  [["name", "American Airlines"], ["image_url", "https://open-flights.s3.amazonaws.com/American-Airlines.png"], ["slug", "american-airlines"], ["created_at", "2022-11-26 14:04:08.346569"], ["updated_at", "2022-11-26 14:04:08.346569"]]
  ↳ db/seeds.rb:8
  [1m[35m (0.7ms)[0m  [1m[35mCOMMIT[0m
  ↳ db/seeds.rb:8
  [1m[35m (0.6ms)[0m  [1m[34mSELECT "schema_migrations"."version" FROM "schema_migrations" ORDER BY "schema_migrations"."version" ASC[0m
  ↳ bin/rails:4
  [1m[35m (0.1ms)[0m  [1m[35mBEGIN[0m
  ↳ db/seeds.rb:8
  [1m[36mAirline Create (0.5ms)[0m  [1m[32mINSERT INTO "airlines" ("name", "image_url", "slug", "created_at", "updated_at") VALUES ($1, $2, $3, $4, $5) RETURNING "id"[0m  [["name", "United Airlines"], ["image_url", "https://open-flights.s3.amazonaws.com/United-Airlines.png"], ["slug", "united-airlines"], ["created_at", "2022-11-26 14:04:51.098408"], ["updated_at", "2022-11-26 14:04:51.098408"]]
  ↳ db/seeds.rb:8
  [1m[35m (0.6ms)[0m  [1m[35mCOMMIT[0m
  ↳ db/seeds.rb:8
  [1m[35m (0.0ms)[0m  [1m[35mBEGIN[0m
  ↳ db/seeds.rb:8
  [1m[36mAirline Create (0.3ms)[0m  [1m[32mINSERT INTO "airlines" ("name", "image_url", "slug", "created_at", "updated_at") VALUES ($1, $2, $3, $4, $5) RETURNING "id"[0m  [["name", "Southwest"], ["image_url", "https://open-flights.s3.amazonaws.com/Southwest-Airlines.png"], ["slug", "southwest"], ["created_at", "2022-11-26 14:04:51.160005"], ["updated_at", "2022-11-26 14:04:51.160005"]]
  ↳ db/seeds.rb:8
  [1m[35m (0.5ms)[0m  [1m[35mCOMMIT[0m
  ↳ db/seeds.rb:8
  [1m[35m (0.0ms)[0m  [1m[35mBEGIN[0m
  ↳ db/seeds.rb:8
  [1m[36mAirline Create (0.1ms)[0m  [1m[32mINSERT INTO "airlines" ("name", "image_url", "slug", "created_at", "updated_at") VALUES ($1, $2, $3, $4, $5) RETURNING "id"[0m  [["name", "Delta"], ["image_url", "https://open-flights.s3.amazonaws.com/Delta.png"], ["slug", "delta"], ["created_at", "2022-11-26 14:04:51.161537"], ["updated_at", "2022-11-26 14:04:51.161537"]]
  ↳ db/seeds.rb:8
  [1m[35m (0.5ms)[0m  [1m[35mCOMMIT[0m
  ↳ db/seeds.rb:8
  [1m[35m (0.0ms)[0m  [1m[35mBEGIN[0m
  ↳ db/seeds.rb:8
  [1m[36mAirline Create (0.1ms)[0m  [1m[32mINSERT INTO "airlines" ("name", "image_url", "slug", "created_at", "updated_at") VALUES ($1, $2, $3, $4, $5) RETURNING "id"[0m  [["name", "Alaska Airlines"], ["image_url", "https://open-flights.s3.amazonaws.com/Alaska-Airlines.png"], ["slug", "alaska-airlines"], ["created_at", "2022-11-26 14:04:51.162659"], ["updated_at", "2022-11-26 14:04:51.162659"]]
  ↳ db/seeds.rb:8
  [1m[35m (0.5ms)[0m  [1m[35mCOMMIT[0m
  ↳ db/seeds.rb:8
  [1m[35m (0.0ms)[0m  [1m[35mBEGIN[0m
  ↳ db/seeds.rb:8
  [1m[36mAirline Create (0.1ms)[0m  [1m[32mINSERT INTO "airlines" ("name", "image_url", "slug", "created_at", "updated_at") VALUES ($1, $2, $3, $4, $5) RETURNING "id"[0m  [["name", "JetBlue"], ["image_url", "https://open-flights.s3.amazonaws.com/JetBlue.png"], ["slug", "jetblue"], ["created_at", "2022-11-26 14:04:51.163830"], ["updated_at", "2022-11-26 14:04:51.163830"]]
  ↳ db/seeds.rb:8
  [1m[35m (0.4ms)[0m  [1m[35mCOMMIT[0m
  ↳ db/seeds.rb:8
  [1m[35m (0.0ms)[0m  [1m[35mBEGIN[0m
  ↳ db/seeds.rb:8
  [1m[36mAirline Create (0.1ms)[0m  [1m[32mINSERT INTO "airlines" ("name", "image_url", "slug", "created_at", "updated_at") VALUES ($1, $2, $3, $4, $5) RETURNING "id"[0m  [["name", "American Airlines"], ["image_url", "https://open-flights.s3.amazonaws.com/American-Airlines.png"], ["slug", "american-airlines"], ["created_at", "2022-11-26 14:04:51.164816"], ["updated_at", "2022-11-26 14:04:51.164816"]]
  ↳ db/seeds.rb:8
  [1m[35m (0.4ms)[0m  [1m[35mCOMMIT[0m
  ↳ db/seeds.rb:8
  [1m[35m (0.4ms)[0m  [1m[34mSELECT "schema_migrations"."version" FROM "schema_migrations" ORDER BY "schema_migrations"."version" ASC[0m
  ↳ bin/rails:4
  [1m[35m (0.1ms)[0m  [1m[35mBEGIN[0m
  ↳ db/seeds.rb:8
  [1m[36mAirline Create (7.0ms)[0m  [1m[32mINSERT INTO "airlines" ("name", "image_url", "slug", "created_at", "updated_at") VALUES ($1, $2, $3, $4, $5) RETURNING "id"[0m  [["name", "United Airlines"], ["image_url", "https://open-flights.s3.amazonaws.com/United-Airlines.png"], ["slug", "united-airlines"], ["created_at", "2022-11-26 14:05:14.901431"], ["updated_at", "2022-11-26 14:05:14.901431"]]
  ↳ db/seeds.rb:8
  [1m[35m (0.7ms)[0m  [1m[35mCOMMIT[0m
  ↳ db/seeds.rb:8
  [1m[35m (0.0ms)[0m  [1m[35mBEGIN[0m
  ↳ db/seeds.rb:8
  [1m[36mAirline Create (0.3ms)[0m  [1m[32mINSERT INTO "airlines" ("name", "image_url", "slug", "created_at", "updated_at") VALUES ($1, $2, $3, $4, $5) RETURNING "id"[0m  [["name", "Southwest"], ["image_url", "https://open-flights.s3.amazonaws.com/Southwest-Airlines.png"], ["slug", "southwest"], ["created_at", "2022-11-26 14:05:14.937115"], ["updated_at", "2022-11-26 14:05:14.937115"]]
  ↳ db/seeds.rb:8
  [1m[35m (0.5ms)[0m  [1m[35mCOMMIT[0m
  ↳ db/seeds.rb:8
  [1m[35m (0.4ms)[0m  [1m[35mBEGIN[0m
  ↳ db/seeds.rb:8
  [1m[36mAirline Create (0.2ms)[0m  [1m[32mINSERT INTO "airlines" ("name", "image_url", "slug", "created_at", "updated_at") VALUES ($1, $2, $3, $4, $5) RETURNING "id"[0m  [["name", "Delta"], ["image_url", "https://open-flights.s3.amazonaws.com/Delta.png"], ["slug", "delta"], ["created_at", "2022-11-26 14:05:14.938932"], ["updated_at", "2022-11-26 14:05:14.938932"]]
  ↳ db/seeds.rb:8
  [1m[35m (1.4ms)[0m  [1m[35mCOMMIT[0m
  ↳ db/seeds.rb:8
  [1m[35m (0.1ms)[0m  [1m[35mBEGIN[0m
  ↳ db/seeds.rb:8
  [1m[36mAirline Create (1.9ms)[0m  [1m[32mINSERT INTO "airlines" ("name", "image_url", "slug", "created_at", "updated_at") VALUES ($1, $2, $3, $4, $5) RETURNING "id"[0m  [["name", "Alaska Airlines"], ["image_url", "https://open-flights.s3.amazonaws.com/Alaska-Airlines.png"], ["slug", "alaska-airlines"], ["created_at", "2022-11-26 14:05:14.942571"], ["updated_at", "2022-11-26 14:05:14.942571"]]
  ↳ db/seeds.rb:8
  [1m[35m (1.6ms)[0m  [1m[35mCOMMIT[0m
  ↳ db/seeds.rb:8
  [1m[35m (1.8ms)[0m  [1m[35mBEGIN[0m
  ↳ db/seeds.rb:8
  [1m[36mAirline Create (1.7ms)[0m  [1m[32mINSERT INTO "airlines" ("name", "image_url", "slug", "created_at", "updated_at") VALUES ($1, $2, $3, $4, $5) RETURNING "id"[0m  [["name", "JetBlue"], ["image_url", "https://open-flights.s3.amazonaws.com/JetBlue.png"], ["slug", "jetblue"], ["created_at", "2022-11-26 14:05:14.948387"], ["updated_at", "2022-11-26 14:05:14.948387"]]
  ↳ db/seeds.rb:8
  [1m[35m (1.2ms)[0m  [1m[35mCOMMIT[0m
  ↳ db/seeds.rb:8
  [1m[35m (1.5ms)[0m  [1m[35mBEGIN[0m
  ↳ db/seeds.rb:8
  [1m[36mAirline Create (1.1ms)[0m  [1m[32mINSERT INTO "airlines" ("name", "image_url", "slug", "created_at", "updated_at") VALUES ($1, $2, $3, $4, $5) RETURNING "id"[0m  [["name", "American Airlines"], ["image_url", "https://open-flights.s3.amazonaws.com/American-Airlines.png"], ["slug", "american-airlines"], ["created_at", "2022-11-26 14:05:14.953446"], ["updated_at", "2022-11-26 14:05:14.953446"]]
  ↳ db/seeds.rb:8
  [1m[35m (0.5ms)[0m  [1m[35mCOMMIT[0m
  ↳ db/seeds.rb:8
  [1m[35m (0.4ms)[0m  [1m[34mSELECT "schema_migrations"."version" FROM "schema_migrations" ORDER BY "schema_migrations"."version" ASC[0m
  ↳ bin/rails:4
  [1m[35m (0.2ms)[0m  [1m[35mBEGIN[0m
  ↳ db/seeds.rb:8
  [1m[36mAirline Create (0.5ms)[0m  [1m[32mINSERT INTO "airlines" ("name", "image_url", "slug", "created_at", "updated_at") VALUES ($1, $2, $3, $4, $5) RETURNING "id"[0m  [["name", "United Airlines"], ["image_url", "https://open-flights.s3.amazonaws.com/United-Airlines.png"], ["slug", "united-airlines"], ["created_at", "2022-11-26 14:05:31.794985"], ["updated_at", "2022-11-26 14:05:31.794985"]]
  ↳ db/seeds.rb:8
  [1m[35m (0.6ms)[0m  [1m[35mCOMMIT[0m
  ↳ db/seeds.rb:8
  [1m[35m (0.0ms)[0m  [1m[35mBEGIN[0m
  ↳ db/seeds.rb:8
  [1m[36mAirline Create (0.1ms)[0m  [1m[32mINSERT INTO "airlines" ("name", "image_url", "slug", "created_at", "updated_at") VALUES ($1, $2, $3, $4, $5) RETURNING "id"[0m  [["name", "Southwest"], ["image_url", "https://open-flights.s3.amazonaws.com/Southwest-Airlines.png"], ["slug", "southwest"], ["created_at", "2022-11-26 14:05:31.856123"], ["updated_at", "2022-11-26 14:05:31.856123"]]
  ↳ db/seeds.rb:8
  [1m[35m (0.5ms)[0m  [1m[35mCOMMIT[0m
  ↳ db/seeds.rb:8
  [1m[35m (0.1ms)[0m  [1m[35mBEGIN[0m
  ↳ db/seeds.rb:8
  [1m[36mAirline Create (0.4ms)[0m  [1m[32mINSERT INTO "airlines" ("name", "image_url", "slug", "created_at", "updated_at") VALUES ($1, $2, $3, $4, $5) RETURNING "id"[0m  [["name", "Delta"], ["image_url", "https://open-flights.s3.amazonaws.com/Delta.png"], ["slug", "delta"], ["created_at", "2022-11-26 14:05:31.857413"], ["updated_at", "2022-11-26 14:05:31.857413"]]
  ↳ db/seeds.rb:8
  [1m[35m (0.5ms)[0m  [1m[35mCOMMIT[0m
  ↳ db/seeds.rb:8
  [1m[35m (0.0ms)[0m  [1m[35mBEGIN[0m
  ↳ db/seeds.rb:8
  [1m[36mAirline Create (0.1ms)[0m  [1m[32mINSERT INTO "airlines" ("name", "image_url", "slug", "created_at", "updated_at") VALUES ($1, $2, $3, $4, $5) RETURNING "id"[0m  [["name", "Alaska Airlines"], ["image_url", "https://open-flights.s3.amazonaws.com/Alaska-Airlines.png"], ["slug", "alaska-airlines"], ["created_at", "2022-11-26 14:05:31.858937"], ["updated_at", "2022-11-26 14:05:31.858937"]]
  ↳ db/seeds.rb:8
  [1m[35m (0.4ms)[0m  [1m[35mCOMMIT[0m
  ↳ db/seeds.rb:8
  [1m[35m (0.0ms)[0m  [1m[35mBEGIN[0m
  ↳ db/seeds.rb:8
  [1m[36mAirline Create (0.1ms)[0m  [1m[32mINSERT INTO "airlines" ("name", "image_url", "slug", "created_at", "updated_at") VALUES ($1, $2, $3, $4, $5) RETURNING "id"[0m  [["name", "JetBlue"], ["image_url", "https://open-flights.s3.amazonaws.com/JetBlue.png"], ["slug", "jetblue"], ["created_at", "2022-11-26 14:05:31.860067"], ["updated_at", "2022-11-26 14:05:31.860067"]]
  ↳ db/seeds.rb:8
  [1m[35m (0.4ms)[0m  [1m[35mCOMMIT[0m
  ↳ db/seeds.rb:8
  [1m[35m (0.0ms)[0m  [1m[35mBEGIN[0m
  ↳ db/seeds.rb:8
  [1m[36mAirline Create (0.1ms)[0m  [1m[32mINSERT INTO "airlines" ("name", "image_url", "slug", "created_at", "updated_at") VALUES ($1, $2, $3, $4, $5) RETURNING "id"[0m  [["name", "American Airlines"], ["image_url", "https://open-flights.s3.amazonaws.com/American-Airlines.png"], ["slug", "american-airlines"], ["created_at", "2022-11-26 14:05:31.861035"], ["updated_at", "2022-11-26 14:05:31.861035"]]
  ↳ db/seeds.rb:8
  [1m[35m (0.3ms)[0m  [1m[35mCOMMIT[0m
  ↳ db/seeds.rb:8
  [1m[35m (0.3ms)[0m  [1m[34mSELECT "schema_migrations"."version" FROM "schema_migrations" ORDER BY "schema_migrations"."version" ASC[0m
  ↳ bin/rails:4
  [1m[35m (0.1ms)[0m  [1m[35mBEGIN[0m
  ↳ db/seeds.rb:8
  [1m[36mAirline Create (0.5ms)[0m  [1m[32mINSERT INTO "airlines" ("name", "image_url", "slug", "created_at", "updated_at") VALUES ($1, $2, $3, $4, $5) RETURNING "id"[0m  [["name", "United Airlines"], ["image_url", "https://open-flights.s3.amazonaws.com/United-Airlines.png"], ["slug", "united-airlines"], ["created_at", "2022-11-26 14:06:16.879183"], ["updated_at", "2022-11-26 14:06:16.879183"]]
  ↳ db/seeds.rb:8
  [1m[35m (2.7ms)[0m  [1m[35mCOMMIT[0m
  ↳ db/seeds.rb:8
  [1m[35m (0.1ms)[0m  [1m[35mBEGIN[0m
  ↳ db/seeds.rb:8
  [1m[36mAirline Create (3.5ms)[0m  [1m[32mINSERT INTO "airlines" ("name", "image_url", "slug", "created_at", "updated_at") VALUES ($1, $2, $3, $4, $5) RETURNING "id"[0m  [["name", "Southwest"], ["image_url", "https://open-flights.s3.amazonaws.com/Southwest-Airlines.png"], ["slug", "southwest"], ["created_at", "2022-11-26 14:06:16.920309"], ["updated_at", "2022-11-26 14:06:16.920309"]]
  ↳ db/seeds.rb:8
  [1m[35m (2.5ms)[0m  [1m[35mCOMMIT[0m
  ↳ db/seeds.rb:8
  [1m[35m (1.4ms)[0m  [1m[35mBEGIN[0m
  ↳ db/seeds.rb:8
  [1m[36mAirline Create (3.2ms)[0m  [1m[32mINSERT INTO "airlines" ("name", "image_url", "slug", "created_at", "updated_at") VALUES ($1, $2, $3, $4, $5) RETURNING "id"[0m  [["name", "Delta"], ["image_url", "https://open-flights.s3.amazonaws.com/Delta.png"], ["slug", "delta"], ["created_at", "2022-11-26 14:06:16.931051"], ["updated_at", "2022-11-26 14:06:16.931051"]]
  ↳ db/seeds.rb:8
  [1m[35m (3.6ms)[0m  [1m[35mCOMMIT[0m
  ↳ db/seeds.rb:8
  [1m[35m (4.1ms)[0m  [1m[35mBEGIN[0m
  ↳ db/seeds.rb:8
  [1m[36mAirline Create (0.5ms)[0m  [1m[32mINSERT INTO "airlines" ("name", "image_url", "slug", "created_at", "updated_at") VALUES ($1, $2, $3, $4, $5) RETURNING "id"[0m  [["name", "Alaska Airlines"], ["image_url", "https://open-flights.s3.amazonaws.com/Alaska-Airlines.png"], ["slug", "alaska-airlines"], ["created_at", "2022-11-26 14:06:16.947610"], ["updated_at", "2022-11-26 14:06:16.947610"]]
  ↳ db/seeds.rb:8
  [1m[35m (0.7ms)[0m  [1m[35mCOMMIT[0m
  ↳ db/seeds.rb:8
  [1m[35m (0.2ms)[0m  [1m[35mBEGIN[0m
  ↳ db/seeds.rb:8
  [1m[36mAirline Create (0.2ms)[0m  [1m[32mINSERT INTO "airlines" ("name", "image_url", "slug", "created_at", "updated_at") VALUES ($1, $2, $3, $4, $5) RETURNING "id"[0m  [["name", "JetBlue"], ["image_url", "https://open-flights.s3.amazonaws.com/JetBlue.png"], ["slug", "jetblue"], ["created_at", "2022-11-26 14:06:16.949840"], ["updated_at", "2022-11-26 14:06:16.949840"]]
  ↳ db/seeds.rb:8
  [1m[35m (0.4ms)[0m  [1m[35mCOMMIT[0m
  ↳ db/seeds.rb:8
  [1m[35m (0.0ms)[0m  [1m[35mBEGIN[0m
  ↳ db/seeds.rb:8
  [1m[36mAirline Create (0.1ms)[0m  [1m[32mINSERT INTO "airlines" ("name", "image_url", "slug", "created_at", "updated_at") VALUES ($1, $2, $3, $4, $5) RETURNING "id"[0m  [["name", "American Airlines"], ["image_url", "https://open-flights.s3.amazonaws.com/American-Airlines.png"], ["slug", "american-airlines"], ["created_at", "2022-11-26 14:06:16.951095"], ["updated_at", "2022-11-26 14:06:16.951095"]]
  ↳ db/seeds.rb:8
  [1m[35m (0.3ms)[0m  [1m[35mCOMMIT[0m
  ↳ db/seeds.rb:8
  [1m[35m (0.2ms)[0m  [1m[35mBEGIN[0m
  ↳ db/seeds.rb:35
  [1m[36mReview Create (0.4ms)[0m  [1m[32mINSERT INTO "reviews" ("title", "description", "score", "airline_id", "created_at", "updated_at") VALUES ($1, $2, $3, $4, $5, $6) RETURNING "id"[0m  [["title", "Grate  airline"], ["description", "I had a lovely time"], ["score", 5], ["airline_id", 31], ["created_at", "2022-11-26 14:06:16.958583"], ["updated_at", "2022-11-26 14:06:16.958583"]]
  ↳ db/seeds.rb:35
  [1m[35m (0.6ms)[0m  [1m[35mCOMMIT[0m
  ↳ db/seeds.rb:35
  [1m[36mAirline Load (0.2ms)[0m  [1m[34mSELECT  "airlines".* FROM "airlines" ORDER BY "airlines"."id" ASC LIMIT $1[0m  [["LIMIT", 1]]
  [1m[35m (1.0ms)[0m  [1m[34mSELECT COUNT(*) FROM "airlines"[0m
  [1m[35m (0.8ms)[0m  [1m[34mSELECT COUNT(*) FROM "reviews"[0m
  [1m[36mAirline Load (0.5ms)[0m  [1m[34mSELECT  "airlines".* FROM "airlines" ORDER BY "airlines"."id" ASC LIMIT $1[0m  [["LIMIT", 1]]
  [1m[35m (0.4ms)[0m  [1m[34mSELECT AVG("reviews"."score") FROM "reviews" WHERE "reviews"."airline_id" = $1[0m  [["airline_id", 1]]
  [1m[36mReview Load (0.3ms)[0m  [1m[34mSELECT  "reviews".* FROM "reviews" ORDER BY "reviews"."id" ASC LIMIT $1[0m  [["LIMIT", 1]]
  [1m[35m (0.8ms)[0m  [1m[34mSELECT COUNT(*) FROM "airlines"[0m
  [1m[36mAirline Load (0.8ms)[0m  [1m[34mSELECT  "airlines".* FROM "airlines" LIMIT $1[0m  [["LIMIT", 11]]
  [1m[36mAirline Load (0.5ms)[0m  [1m[34mSELECT  "airlines".* FROM "airlines" WHERE "airlines"."id" = $1 LIMIT $2[0m  [["id", 31], ["LIMIT", 1]]
  [1m[36mReview Load (0.7ms)[0m  [1m[34mSELECT  "reviews".* FROM "reviews" ORDER BY "reviews"."id" ASC LIMIT $1[0m  [["LIMIT", 1]]
  [1m[36mAirline Load (0.8ms)[0m  [1m[34mSELECT  "airlines".* FROM "airlines" WHERE "airlines"."id" = $1 LIMIT $2[0m  [["id", 31], ["LIMIT", 1]]
  [1m[36mAirline Load (0.6ms)[0m  [1m[34mSELECT  "airlines".* FROM "airlines" WHERE "airlines"."id" = $1 LIMIT $2[0m  [["id", 31], ["LIMIT", 1]]
  [1m[35m (0.5ms)[0m  [1m[34mSELECT AVG("reviews"."score") FROM "reviews" WHERE "reviews"."airline_id" = $1[0m  [["airline_id", 31]]
  [1m[36mAirline Load (0.1ms)[0m  [1m[34mSELECT  "airlines".* FROM "airlines" ORDER BY "airlines"."id" ASC LIMIT $1[0m  [["LIMIT", 1]]
  [1m[35m (0.7ms)[0m  [1m[34mSELECT "reviews"."id" FROM "reviews" WHERE "reviews"."airline_id" = $1[0m  [["airline_id", 1]]
Started GET "/api/v1/airlines.json" for ::1 at 2022-11-27 14:41:28 +1100
  [1m[35m (0.3ms)[0m  [1m[34mSELECT "schema_migrations"."version" FROM "schema_migrations" ORDER BY "schema_migrations"."version" ASC[0m
  ↳ /home/harry-qin/.rbenv/versions/2.6.5/lib/ruby/gems/2.6.0/gems/activerecord-5.2.8.1/lib/active_record/log_subscriber.rb:98
  
SyntaxError (/home/harry-qin/Dev/ruby/open-flights/app/controllers/concerns/api/v1/airlines_controller.rb:55: syntax error, unexpected end-of-input, expecting end):
  
app/controllers/concerns/api/v1/airlines_controller.rb:55: syntax error, unexpected end-of-input, expecting end
Started GET "/api/v1/airlines.json" for ::1 at 2022-11-27 14:41:36 +1100
  
SyntaxError (/home/harry-qin/Dev/ruby/open-flights/app/controllers/concerns/api/v1/airlines_controller.rb:55: syntax error, unexpected end-of-input, expecting end):
  
app/controllers/concerns/api/v1/airlines_controller.rb:55: syntax error, unexpected end-of-input, expecting end
Started GET "/api/v1/airlines.json" for ::1 at 2022-11-27 14:42:15 +1100
  
SyntaxError (/home/harry-qin/Dev/ruby/open-flights/app/controllers/concerns/api/v1/airlines_controller.rb:55: syntax error, unexpected end-of-input, expecting end):
  
app/controllers/concerns/api/v1/airlines_controller.rb:55: syntax error, unexpected end-of-input, expecting end
Started GET "/api/v1/airlines.json" for ::1 at 2022-11-27 14:44:56 +1100
  
SyntaxError (/home/harry-qin/Dev/ruby/open-flights/app/controllers/concerns/api/v1/airlines_controller.rb:56: syntax error, unexpected end-of-input, expecting end):
  
app/controllers/concerns/api/v1/airlines_controller.rb:56: syntax error, unexpected end-of-input, expecting end
Started GET "/api/v1/airlines.json" for ::1 at 2022-11-27 14:45:21 +1100
  [1m[35m (0.2ms)[0m  [1m[34mSELECT "schema_migrations"."version" FROM "schema_migrations" ORDER BY "schema_migrations"."version" ASC[0m
  ↳ /home/harry-qin/.rbenv/versions/2.6.5/lib/ruby/gems/2.6.0/gems/activerecord-5.2.8.1/lib/active_record/log_subscriber.rb:98
  
SyntaxError (/home/harry-qin/Dev/ruby/open-flights/app/controllers/concerns/api/v1/airlines_controller.rb:56: syntax error, unexpected end-of-input, expecting end):
  
app/controllers/concerns/api/v1/airlines_controller.rb:56: syntax error, unexpected end-of-input, expecting end
Started GET "/api/v1/airlines.json" for ::1 at 2022-11-27 14:47:21 +1100
  [1m[35m (0.4ms)[0m  [1m[34mSELECT "schema_migrations"."version" FROM "schema_migrations" ORDER BY "schema_migrations"."version" ASC[0m
  ↳ /home/harry-qin/.rbenv/versions/2.6.5/lib/ruby/gems/2.6.0/gems/activerecord-5.2.8.1/lib/active_record/log_subscriber.rb:98
  
SyntaxError (/home/harry-qin/Dev/ruby/open-flights/app/controllers/concerns/api/v1/airlines_controller.rb:56: syntax error, unexpected end-of-input, expecting end):
  
app/controllers/concerns/api/v1/airlines_controller.rb:56: syntax error, unexpected end-of-input, expecting end
Started GET "/api/v1/airlines.json" for ::1 at 2022-11-27 14:47:38 +1100
  [1m[35m (0.2ms)[0m  [1m[34mSELECT "schema_migrations"."version" FROM "schema_migrations" ORDER BY "schema_migrations"."version" ASC[0m
  ↳ /home/harry-qin/.rbenv/versions/2.6.5/lib/ruby/gems/2.6.0/gems/activerecord-5.2.8.1/lib/active_record/log_subscriber.rb:98
  
SyntaxError (/home/harry-qin/Dev/ruby/open-flights/app/controllers/concerns/api/v1/airlines_controller.rb:56: syntax error, unexpected end-of-input, expecting end):
  
app/controllers/concerns/api/v1/airlines_controller.rb:56: syntax error, unexpected end-of-input, expecting end
Started GET "/api/v1/airlines.json" for ::1 at 2022-11-27 14:48:08 +1100
  [1m[35m (0.3ms)[0m  [1m[34mSELECT "schema_migrations"."version" FROM "schema_migrations" ORDER BY "schema_migrations"."version" ASC[0m
  ↳ /home/harry-qin/.rbenv/versions/2.6.5/lib/ruby/gems/2.6.0/gems/activerecord-5.2.8.1/lib/active_record/log_subscriber.rb:98
Processing by Api::V1::AirlinesController#index as JSON
  [1m[36mAirline Load (1.3ms)[0m  [1m[34mSELECT "airlines".* FROM "airlines"[0m
  ↳ app/controllers/concerns/api/v1/airlines_controller.rb:7
  [1m[35m (0.1ms)[0m  [1m[34mSELECT "reviews"."id" FROM "reviews" WHERE "reviews"."airline_id" = $1[0m  [["airline_id", 1]]
  ↳ app/controllers/concerns/api/v1/airlines_controller.rb:7
  [1m[36mReview Load (0.1ms)[0m  [1m[34mSELECT "reviews".* FROM "reviews" WHERE "reviews"."airline_id" = $1[0m  [["airline_id", 1]]
  ↳ app/controllers/concerns/api/v1/airlines_controller.rb:7
  [1m[35m (0.1ms)[0m  [1m[34mSELECT "reviews"."id" FROM "reviews" WHERE "reviews"."airline_id" = $1[0m  [["airline_id", 2]]
  ↳ app/controllers/concerns/api/v1/airlines_controller.rb:7
  [1m[36mReview Load (0.0ms)[0m  [1m[34mSELECT "reviews".* FROM "reviews" WHERE "reviews"."airline_id" = $1[0m  [["airline_id", 2]]
  ↳ app/controllers/concerns/api/v1/airlines_controller.rb:7
  [1m[35m (0.1ms)[0m  [1m[34mSELECT "reviews"."id" FROM "reviews" WHERE "reviews"."airline_id" = $1[0m  [["airline_id", 3]]
  ↳ app/controllers/concerns/api/v1/airlines_controller.rb:7
  [1m[36mReview Load (0.1ms)[0m  [1m[34mSELECT "reviews".* FROM "reviews" WHERE "reviews"."airline_id" = $1[0m  [["airline_id", 3]]
  ↳ app/controllers/concerns/api/v1/airlines_controller.rb:7
  [1m[35m (0.1ms)[0m  [1m[34mSELECT "reviews"."id" FROM "reviews" WHERE "reviews"."airline_id" = $1[0m  [["airline_id", 4]]
  ↳ app/controllers/concerns/api/v1/airlines_controller.rb:7
  [1m[36mReview Load (0.1ms)[0m  [1m[34mSELECT "reviews".* FROM "reviews" WHERE "reviews"."airline_id" = $1[0m  [["airline_id", 4]]
  ↳ app/controllers/concerns/api/v1/airlines_controller.rb:7
  [1m[35m (0.1ms)[0m  [1m[34mSELECT "reviews"."id" FROM "reviews" WHERE "reviews"."airline_id" = $1[0m  [["airline_id", 5]]
  ↳ app/controllers/concerns/api/v1/airlines_controller.rb:7
  [1m[36mReview Load (0.1ms)[0m  [1m[34mSELECT "reviews".* FROM "reviews" WHERE "reviews"."airline_id" = $1[0m  [["airline_id", 5]]
  ↳ app/controllers/concerns/api/v1/airlines_controller.rb:7
  [1m[35m (0.1ms)[0m  [1m[34mSELECT "reviews"."id" FROM "reviews" WHERE "reviews"."airline_id" = $1[0m  [["airline_id", 6]]
  ↳ app/controllers/concerns/api/v1/airlines_controller.rb:7
  [1m[36mReview Load (0.1ms)[0m  [1m[34mSELECT "reviews".* FROM "reviews" WHERE "reviews"."airline_id" = $1[0m  [["airline_id", 6]]
  ↳ app/controllers/concerns/api/v1/airlines_controller.rb:7
  [1m[35m (0.1ms)[0m  [1m[34mSELECT "reviews"."id" FROM "reviews" WHERE "reviews"."airline_id" = $1[0m  [["airline_id", 7]]
  ↳ app/controllers/concerns/api/v1/airlines_controller.rb:7
  [1m[36mReview Load (0.0ms)[0m  [1m[34mSELECT "reviews".* FROM "reviews" WHERE "reviews"."airline_id" = $1[0m  [["airline_id", 7]]
  ↳ app/controllers/concerns/api/v1/airlines_controller.rb:7
  [1m[35m (0.1ms)[0m  [1m[34mSELECT "reviews"."id" FROM "reviews" WHERE "reviews"."airline_id" = $1[0m  [["airline_id", 8]]
  ↳ app/controllers/concerns/api/v1/airlines_controller.rb:7
  [1m[36mReview Load (0.0ms)[0m  [1m[34mSELECT "reviews".* FROM "reviews" WHERE "reviews"."airline_id" = $1[0m  [["airline_id", 8]]
  ↳ app/controllers/concerns/api/v1/airlines_controller.rb:7
  [1m[35m (0.0ms)[0m  [1m[34mSELECT "reviews"."id" FROM "reviews" WHERE "reviews"."airline_id" = $1[0m  [["airline_id", 9]]
  ↳ app/controllers/concerns/api/v1/airlines_controller.rb:7
  [1m[36mReview Load (0.0ms)[0m  [1m[34mSELECT "reviews".* FROM "reviews" WHERE "reviews"."airline_id" = $1[0m  [["airline_id", 9]]
  ↳ app/controllers/concerns/api/v1/airlines_controller.rb:7
  [1m[35m (0.0ms)[0m  [1m[34mSELECT "reviews"."id" FROM "reviews" WHERE "reviews"."airline_id" = $1[0m  [["airline_id", 10]]
  ↳ app/controllers/concerns/api/v1/airlines_controller.rb:7
  [1m[36mReview Load (0.0ms)[0m  [1m[34mSELECT "reviews".* FROM "reviews" WHERE "reviews"."airline_id" = $1[0m  [["airline_id", 10]]
  ↳ app/controllers/concerns/api/v1/airlines_controller.rb:7
  [1m[35m (0.1ms)[0m  [1m[34mSELECT "reviews"."id" FROM "reviews" WHERE "reviews"."airline_id" = $1[0m  [["airline_id", 11]]
  ↳ app/controllers/concerns/api/v1/airlines_controller.rb:7
  [1m[36mReview Load (0.5ms)[0m  [1m[34mSELECT "reviews".* FROM "reviews" WHERE "reviews"."airline_id" = $1[0m  [["airline_id", 11]]
  ↳ app/controllers/concerns/api/v1/airlines_controller.rb:7
  [1m[35m (0.0ms)[0m  [1m[34mSELECT "reviews"."id" FROM "reviews" WHERE "reviews"."airline_id" = $1[0m  [["airline_id", 12]]
  ↳ app/controllers/concerns/api/v1/airlines_controller.rb:7
  [1m[36mReview Load (0.0ms)[0m  [1m[34mSELECT "reviews".* FROM "reviews" WHERE "reviews"."airline_id" = $1[0m  [["airline_id", 12]]
  ↳ app/controllers/concerns/api/v1/airlines_controller.rb:7
  [1m[35m (0.0ms)[0m  [1m[34mSELECT "reviews"."id" FROM "reviews" WHERE "reviews"."airline_id" = $1[0m  [["airline_id", 13]]
  ↳ app/controllers/concerns/api/v1/airlines_controller.rb:7
  [1m[36mReview Load (0.1ms)[0m  [1m[34mSELECT "reviews".* FROM "reviews" WHERE "reviews"."airline_id" = $1[0m  [["airline_id", 13]]
  ↳ app/controllers/concerns/api/v1/airlines_controller.rb:7
  [1m[35m (0.0ms)[0m  [1m[34mSELECT "reviews"."id" FROM "reviews" WHERE "reviews"."airline_id" = $1[0m  [["airline_id", 14]]
  ↳ app/controllers/concerns/api/v1/airlines_controller.rb:7
  [1m[36mReview Load (0.1ms)[0m  [1m[34mSELECT "reviews".* FROM "reviews" WHERE "reviews"."airline_id" = $1[0m  [["airline_id", 14]]
  ↳ app/controllers/concerns/api/v1/airlines_controller.rb:7
  [1m[35m (0.1ms)[0m  [1m[34mSELECT "reviews"."id" FROM "reviews" WHERE "reviews"."airline_id" = $1[0m  [["airline_id", 15]]
  ↳ app/controllers/concerns/api/v1/airlines_controller.rb:7
  [1m[36mReview Load (0.9ms)[0m  [1m[34mSELECT "reviews".* FROM "reviews" WHERE "reviews"."airline_id" = $1[0m  [["airline_id", 15]]
  ↳ app/controllers/concerns/api/v1/airlines_controller.rb:7
  [1m[35m (0.0ms)[0m  [1m[34mSELECT "reviews"."id" FROM "reviews" WHERE "reviews"."airline_id" = $1[0m  [["airline_id", 16]]
  ↳ app/controllers/concerns/api/v1/airlines_controller.rb:7
  [1m[36mReview Load (0.1ms)[0m  [1m[34mSELECT "reviews".* FROM "reviews" WHERE "reviews"."airline_id" = $1[0m  [["airline_id", 16]]
  ↳ app/controllers/concerns/api/v1/airlines_controller.rb:7
  [1m[35m (0.1ms)[0m  [1m[34mSELECT "reviews"."id" FROM "reviews" WHERE "reviews"."airline_id" = $1[0m  [["airline_id", 17]]
  ↳ app/controllers/concerns/api/v1/airlines_controller.rb:7
  [1m[36mReview Load (0.0ms)[0m  [1m[34mSELECT "reviews".* FROM "reviews" WHERE "reviews"."airline_id" = $1[0m  [["airline_id", 17]]
  ↳ app/controllers/concerns/api/v1/airlines_controller.rb:7
  [1m[35m (0.0ms)[0m  [1m[34mSELECT "reviews"."id" FROM "reviews" WHERE "reviews"."airline_id" = $1[0m  [["airline_id", 18]]
  ↳ app/controllers/concerns/api/v1/airlines_controller.rb:7
  [1m[36mReview Load (0.0ms)[0m  [1m[34mSELECT "reviews".* FROM "reviews" WHERE "reviews"."airline_id" = $1[0m  [["airline_id", 18]]
  ↳ app/controllers/concerns/api/v1/airlines_controller.rb:7
  [1m[35m (0.0ms)[0m  [1m[34mSELECT "reviews"."id" FROM "reviews" WHERE "reviews"."airline_id" = $1[0m  [["airline_id", 19]]
  ↳ app/controllers/concerns/api/v1/airlines_controller.rb:7
  [1m[36mReview Load (0.1ms)[0m  [1m[34mSELECT "reviews".* FROM "reviews" WHERE "reviews"."airline_id" = $1[0m  [["airline_id", 19]]
  ↳ app/controllers/concerns/api/v1/airlines_controller.rb:7
  [1m[35m (0.1ms)[0m  [1m[34mSELECT "reviews"."id" FROM "reviews" WHERE "reviews"."airline_id" = $1[0m  [["airline_id", 20]]
  ↳ app/controllers/concerns/api/v1/airlines_controller.rb:7
  [1m[36mReview Load (0.0ms)[0m  [1m[34mSELECT "reviews".* FROM "reviews" WHERE "reviews"."airline_id" = $1[0m  [["airline_id", 20]]
  ↳ app/controllers/concerns/api/v1/airlines_controller.rb:7
  [1m[35m (0.1ms)[0m  [1m[34mSELECT "reviews"."id" FROM "reviews" WHERE "reviews"."airline_id" = $1[0m  [["airline_id", 21]]
  ↳ app/controllers/concerns/api/v1/airlines_controller.rb:7
  [1m[36mReview Load (0.1ms)[0m  [1m[34mSELECT "reviews".* FROM "reviews" WHERE "reviews"."airline_id" = $1[0m  [["airline_id", 21]]
  ↳ app/controllers/concerns/api/v1/airlines_controller.rb:7
  [1m[35m (0.1ms)[0m  [1m[34mSELECT "reviews"."id" FROM "reviews" WHERE "reviews"."airline_id" = $1[0m  [["airline_id", 22]]
  ↳ app/controllers/concerns/api/v1/airlines_controller.rb:7
  [1m[36mReview Load (0.0ms)[0m  [1m[34mSELECT "reviews".* FROM "reviews" WHERE "reviews"."airline_id" = $1[0m  [["airline_id", 22]]
  ↳ app/controllers/concerns/api/v1/airlines_controller.rb:7
  [1m[35m (0.0ms)[0m  [1m[34mSELECT "reviews"."id" FROM "reviews" WHERE "reviews"."airline_id" = $1[0m  [["airline_id", 23]]
  ↳ app/controllers/concerns/api/v1/airlines_controller.rb:7
  [1m[36mReview Load (0.0ms)[0m  [1m[34mSELECT "reviews".* FROM "reviews" WHERE "reviews"."airline_id" = $1[0m  [["airline_id", 23]]
  ↳ app/controllers/concerns/api/v1/airlines_controller.rb:7
  [1m[35m (0.1ms)[0m  [1m[34mSELECT "reviews"."id" FROM "reviews" WHERE "reviews"."airline_id" = $1[0m  [["airline_id", 24]]
  ↳ app/controllers/concerns/api/v1/airlines_controller.rb:7
  [1m[36mReview Load (0.0ms)[0m  [1m[34mSELECT "reviews".* FROM "reviews" WHERE "reviews"."airline_id" = $1[0m  [["airline_id", 24]]
  ↳ app/controllers/concerns/api/v1/airlines_controller.rb:7
  [1m[35m (0.0ms)[0m  [1m[34mSELECT "reviews"."id" FROM "reviews" WHERE "reviews"."airline_id" = $1[0m  [["airline_id", 25]]
  ↳ app/controllers/concerns/api/v1/airlines_controller.rb:7
  [1m[36mReview Load (0.0ms)[0m  [1m[34mSELECT "reviews".* FROM "reviews" WHERE "reviews"."airline_id" = $1[0m  [["airline_id", 25]]
  ↳ app/controllers/concerns/api/v1/airlines_controller.rb:7
  [1m[35m (0.1ms)[0m  [1m[34mSELECT "reviews"."id" FROM "reviews" WHERE "reviews"."airline_id" = $1[0m  [["airline_id", 26]]
  ↳ app/controllers/concerns/api/v1/airlines_controller.rb:7
  [1m[36mReview Load (0.0ms)[0m  [1m[34mSELECT "reviews".* FROM "reviews" WHERE "reviews"."airline_id" = $1[0m  [["airline_id", 26]]
  ↳ app/controllers/concerns/api/v1/airlines_controller.rb:7
  [1m[35m (0.0ms)[0m  [1m[34mSELECT "reviews"."id" FROM "reviews" WHERE "reviews"."airline_id" = $1[0m  [["airline_id", 27]]
  ↳ app/controllers/concerns/api/v1/airlines_controller.rb:7
  [1m[36mReview Load (0.1ms)[0m  [1m[34mSELECT "reviews".* FROM "reviews" WHERE "reviews"."airline_id" = $1[0m  [["airline_id", 27]]
  ↳ app/controllers/concerns/api/v1/airlines_controller.rb:7
  [1m[35m (0.0ms)[0m  [1m[34mSELECT "reviews"."id" FROM "reviews" WHERE "reviews"."airline_id" = $1[0m  [["airline_id", 28]]
  ↳ app/controllers/concerns/api/v1/airlines_controller.rb:7
  [1m[36mReview Load (0.0ms)[0m  [1m[34mSELECT "reviews".* FROM "reviews" WHERE "reviews"."airline_id" = $1[0m  [["airline_id", 28]]
  ↳ app/controllers/concerns/api/v1/airlines_controller.rb:7
  [1m[35m (0.0ms)[0m  [1m[34mSELECT "reviews"."id" FROM "reviews" WHERE "reviews"."airline_id" = $1[0m  [["airline_id", 29]]
  ↳ app/controllers/concerns/api/v1/airlines_controller.rb:7
  [1m[36mReview Load (0.0ms)[0m  [1m[34mSELECT "reviews".* FROM "reviews" WHERE "reviews"."airline_id" = $1[0m  [["airline_id", 29]]
  ↳ app/controllers/concerns/api/v1/airlines_controller.rb:7
  [1m[35m (0.0ms)[0m  [1m[34mSELECT "reviews"."id" FROM "reviews" WHERE "reviews"."airline_id" = $1[0m  [["airline_id", 30]]
  ↳ app/controllers/concerns/api/v1/airlines_controller.rb:7
  [1m[36mReview Load (0.0ms)[0m  [1m[34mSELECT "reviews".* FROM "reviews" WHERE "reviews"."airline_id" = $1[0m  [["airline_id", 30]]
  ↳ app/controllers/concerns/api/v1/airlines_controller.rb:7
  [1m[35m (0.5ms)[0m  [1m[34mSELECT "reviews"."id" FROM "reviews" WHERE "reviews"."airline_id" = $1[0m  [["airline_id", 31]]
  ↳ app/controllers/concerns/api/v1/airlines_controller.rb:7
  [1m[36mReview Load (0.2ms)[0m  [1m[34mSELECT "reviews".* FROM "reviews" WHERE "reviews"."airline_id" = $1[0m  [["airline_id", 31]]
  ↳ app/controllers/concerns/api/v1/airlines_controller.rb:7
  [1m[35m (0.1ms)[0m  [1m[34mSELECT "reviews"."id" FROM "reviews" WHERE "reviews"."airline_id" = $1[0m  [["airline_id", 32]]
  ↳ app/controllers/concerns/api/v1/airlines_controller.rb:7
  [1m[36mReview Load (0.0ms)[0m  [1m[34mSELECT "reviews".* FROM "reviews" WHERE "reviews"."airline_id" = $1[0m  [["airline_id", 32]]
  ↳ app/controllers/concerns/api/v1/airlines_controller.rb:7
  [1m[35m (0.0ms)[0m  [1m[34mSELECT "reviews"."id" FROM "reviews" WHERE "reviews"."airline_id" = $1[0m  [["airline_id", 33]]
  ↳ app/controllers/concerns/api/v1/airlines_controller.rb:7
  [1m[36mReview Load (0.0ms)[0m  [1m[34mSELECT "reviews".* FROM "reviews" WHERE "reviews"."airline_id" = $1[0m  [["airline_id", 33]]
  ↳ app/controllers/concerns/api/v1/airlines_controller.rb:7
  [1m[35m (0.0ms)[0m  [1m[34mSELECT "reviews"."id" FROM "reviews" WHERE "reviews"."airline_id" = $1[0m  [["airline_id", 34]]
  ↳ app/controllers/concerns/api/v1/airlines_controller.rb:7
  [1m[36mReview Load (0.0ms)[0m  [1m[34mSELECT "reviews".* FROM "reviews" WHERE "reviews"."airline_id" = $1[0m  [["airline_id", 34]]
  ↳ app/controllers/concerns/api/v1/airlines_controller.rb:7
  [1m[35m (0.0ms)[0m  [1m[34mSELECT "reviews"."id" FROM "reviews" WHERE "reviews"."airline_id" = $1[0m  [["airline_id", 35]]
  ↳ app/controllers/concerns/api/v1/airlines_controller.rb:7
  [1m[36mReview Load (0.0ms)[0m  [1m[34mSELECT "reviews".* FROM "reviews" WHERE "reviews"."airline_id" = $1[0m  [["airline_id", 35]]
  ↳ app/controllers/concerns/api/v1/airlines_controller.rb:7
  [1m[35m (0.0ms)[0m  [1m[34mSELECT "reviews"."id" FROM "reviews" WHERE "reviews"."airline_id" = $1[0m  [["airline_id", 36]]
  ↳ app/controllers/concerns/api/v1/airlines_controller.rb:7
  [1m[36mReview Load (0.0ms)[0m  [1m[34mSELECT "reviews".* FROM "reviews" WHERE "reviews"."airline_id" = $1[0m  [["airline_id", 36]]
  ↳ app/controllers/concerns/api/v1/airlines_controller.rb:7
Completed 200 OK in 77ms (Views: 0.1ms | ActiveRecord: 10.9ms)


Started GET "/api/v1/airlines/united-airline" for ::1 at 2022-11-27 15:12:50 +1100
Processing by Api::V1::AirlinesController#show as */*
  Parameters: {"slug"=>"united-airline"}
  [1m[36mAirline Load (0.1ms)[0m  [1m[34mSELECT  "airlines".* FROM "airlines" WHERE "airlines"."slug" = $1 LIMIT $2[0m  [["slug", "united-airline"], ["LIMIT", 1]]
  ↳ app/controllers/concerns/api/v1/airlines_controller.rb:11
Completed 200 OK in 1ms (Views: 0.1ms | ActiveRecord: 0.2ms)


Started GET "/api/v1/airlines/united-airlines" for ::1 at 2022-11-27 15:12:55 +1100
Processing by Api::V1::AirlinesController#show as */*
  Parameters: {"slug"=>"united-airlines"}
  [1m[36mAirline Load (0.2ms)[0m  [1m[34mSELECT  "airlines".* FROM "airlines" WHERE "airlines"."slug" = $1 LIMIT $2[0m  [["slug", "united-airlines"], ["LIMIT", 1]]
  ↳ app/controllers/concerns/api/v1/airlines_controller.rb:11
  [1m[35m (0.2ms)[0m  [1m[34mSELECT "reviews"."id" FROM "reviews" WHERE "reviews"."airline_id" = $1[0m  [["airline_id", 1]]
  ↳ app/controllers/concerns/api/v1/airlines_controller.rb:13
  [1m[36mReview Load (0.1ms)[0m  [1m[34mSELECT "reviews".* FROM "reviews" WHERE "reviews"."airline_id" = $1[0m  [["airline_id", 1]]
  ↳ app/controllers/concerns/api/v1/airlines_controller.rb:13
Completed 200 OK in 3ms (Views: 0.1ms | ActiveRecord: 0.5ms)


Started POST "/api/v1/airlines" for ::1 at 2022-11-27 15:16:41 +1100
Processing by Api::V1::AirlinesController#create as */*
  Parameters: {"name"=>"fake-airline", "airline"=>{"name"=>"fake-airline"}}
Can't verify CSRF token authenticity.
  [1m[35m (0.1ms)[0m  [1m[35mBEGIN[0m
  ↳ app/controllers/concerns/api/v1/airlines_controller.rb:41
  [1m[36mAirline Create (0.3ms)[0m  [1m[32mINSERT INTO "airlines" ("name", "slug", "created_at", "updated_at") VALUES ($1, $2, $3, $4) RETURNING "id"[0m  [["name", "fake-airline"], ["slug", "fake-airline"], ["created_at", "2022-11-27 04:16:41.326291"], ["updated_at", "2022-11-27 04:16:41.326291"]]
  ↳ app/controllers/concerns/api/v1/airlines_controller.rb:41
  [1m[35m (0.4ms)[0m  [1m[35mCOMMIT[0m
  ↳ app/controllers/concerns/api/v1/airlines_controller.rb:41
  [1m[35m (0.1ms)[0m  [1m[34mSELECT "reviews"."id" FROM "reviews" WHERE "reviews"."airline_id" = $1[0m  [["airline_id", 37]]
  ↳ app/controllers/concerns/api/v1/airlines_controller.rb:42
Completed 200 OK in 45ms (Views: 0.1ms | ActiveRecord: 4.5ms)


Started GET "/api/v1/airlines/fake-airlines" for ::1 at 2022-11-27 15:16:59 +1100
Processing by Api::V1::AirlinesController#show as */*
  Parameters: {"slug"=>"fake-airlines"}
  [1m[36mAirline Load (0.2ms)[0m  [1m[34mSELECT  "airlines".* FROM "airlines" WHERE "airlines"."slug" = $1 LIMIT $2[0m  [["slug", "fake-airlines"], ["LIMIT", 1]]
  ↳ app/controllers/concerns/api/v1/airlines_controller.rb:12
Completed 200 OK in 1ms (Views: 0.1ms | ActiveRecord: 0.2ms)


Started GET "/api/v1/airlines/fake-airline" for ::1 at 2022-11-27 15:17:05 +1100
Processing by Api::V1::AirlinesController#show as */*
  Parameters: {"slug"=>"fake-airline"}
  [1m[36mAirline Load (0.2ms)[0m  [1m[34mSELECT  "airlines".* FROM "airlines" WHERE "airlines"."slug" = $1 LIMIT $2[0m  [["slug", "fake-airline"], ["LIMIT", 1]]
  ↳ app/controllers/concerns/api/v1/airlines_controller.rb:12
  [1m[35m (0.1ms)[0m  [1m[34mSELECT "reviews"."id" FROM "reviews" WHERE "reviews"."airline_id" = $1[0m  [["airline_id", 37]]
  ↳ app/controllers/concerns/api/v1/airlines_controller.rb:14
  [1m[36mReview Load (0.1ms)[0m  [1m[34mSELECT "reviews".* FROM "reviews" WHERE "reviews"."airline_id" = $1[0m  [["airline_id", 37]]
  ↳ app/controllers/concerns/api/v1/airlines_controller.rb:14
Completed 200 OK in 2ms (Views: 0.1ms | ActiveRecord: 0.4ms)


Started PUT "/api/v1/airlines/fake-airline" for ::1 at 2022-11-27 15:19:10 +1100
Processing by Api::V1::AirlinesController#update as */*
  Parameters: {"name"=>"other fake airline", "slug"=>"fake-airline", "airline"=>{"name"=>"other fake airline"}}
Can't verify CSRF token authenticity.
Completed 500 Internal Server Error in 1ms (ActiveRecord: 0.0ms)


  
ArgumentError (wrong number of arguments (given 2, expected 1)):
  
app/controllers/concerns/api/v1/airlines_controller.rb:20:in `update'
Started PUT "/api/v1/airlines/fake-airline" for ::1 at 2022-11-27 15:21:13 +1100
Processing by Api::V1::AirlinesController#update as */*
  Parameters: {"name"=>"other fake airline", "slug"=>"fake-airline", "airline"=>{"name"=>"other fake airline"}}
Can't verify CSRF token authenticity.
  [1m[35m (0.0ms)[0m  [1m[35mBEGIN[0m
  ↳ app/controllers/concerns/api/v1/airlines_controller.rb:20
  [1m[36mAirline Create (0.1ms)[0m  [1m[32mINSERT INTO "airlines" ("name", "slug", "created_at", "updated_at") VALUES ($1, $2, $3, $4) RETURNING "id"[0m  [["name", "other fake airline"], ["slug", "other-fake-airline"], ["created_at", "2022-11-27 04:21:13.474898"], ["updated_at", "2022-11-27 04:21:13.474898"]]
  ↳ app/controllers/concerns/api/v1/airlines_controller.rb:20
  [1m[35m (0.5ms)[0m  [1m[35mCOMMIT[0m
  ↳ app/controllers/concerns/api/v1/airlines_controller.rb:20
  [1m[35m (0.1ms)[0m  [1m[34mSELECT "reviews"."id" FROM "reviews" WHERE "reviews"."airline_id" = $1[0m  [["airline_id", 38]]
  ↳ app/controllers/concerns/api/v1/airlines_controller.rb:21
  [1m[36mReview Load (0.1ms)[0m  [1m[34mSELECT "reviews".* FROM "reviews" WHERE "reviews"."airline_id" = $1[0m  [["airline_id", 38]]
  ↳ app/controllers/concerns/api/v1/airlines_controller.rb:21
Completed 200 OK in 9ms (Views: 0.1ms | ActiveRecord: 3.5ms)


Started GET "/api/v1/airlines/fake-airline" for ::1 at 2022-11-27 15:21:18 +1100
Processing by Api::V1::AirlinesController#show as */*
  Parameters: {"slug"=>"fake-airline"}
  [1m[36mAirline Load (0.1ms)[0m  [1m[34mSELECT  "airlines".* FROM "airlines" WHERE "airlines"."slug" = $1 LIMIT $2[0m  [["slug", "fake-airline"], ["LIMIT", 1]]
  ↳ app/controllers/concerns/api/v1/airlines_controller.rb:12
  [1m[35m (0.1ms)[0m  [1m[34mSELECT "reviews"."id" FROM "reviews" WHERE "reviews"."airline_id" = $1[0m  [["airline_id", 37]]
  ↳ app/controllers/concerns/api/v1/airlines_controller.rb:14
  [1m[36mReview Load (0.1ms)[0m  [1m[34mSELECT "reviews".* FROM "reviews" WHERE "reviews"."airline_id" = $1[0m  [["airline_id", 37]]
  ↳ app/controllers/concerns/api/v1/airlines_controller.rb:14
Completed 200 OK in 2ms (Views: 0.1ms | ActiveRecord: 0.3ms)


Started PUT "/api/v1/airlines/fake-airline" for ::1 at 2022-11-27 15:21:33 +1100
Processing by Api::V1::AirlinesController#update as */*
  Parameters: {"name"=>"other fake airline", "slug"=>"fake-airline", "airline"=>{"name"=>"other fake airline"}}
Can't verify CSRF token authenticity.
  [1m[35m (0.1ms)[0m  [1m[35mBEGIN[0m
  ↳ app/controllers/concerns/api/v1/airlines_controller.rb:20
  [1m[36mAirline Create (0.2ms)[0m  [1m[32mINSERT INTO "airlines" ("name", "slug", "created_at", "updated_at") VALUES ($1, $2, $3, $4) RETURNING "id"[0m  [["name", "other fake airline"], ["slug", "other-fake-airline"], ["created_at", "2022-11-27 04:21:33.025708"], ["updated_at", "2022-11-27 04:21:33.025708"]]
  ↳ app/controllers/concerns/api/v1/airlines_controller.rb:20
  [1m[35m (9.4ms)[0m  [1m[35mCOMMIT[0m
  ↳ app/controllers/concerns/api/v1/airlines_controller.rb:20
  [1m[35m (0.2ms)[0m  [1m[34mSELECT "reviews"."id" FROM "reviews" WHERE "reviews"."airline_id" = $1[0m  [["airline_id", 39]]
  ↳ app/controllers/concerns/api/v1/airlines_controller.rb:21
  [1m[36mReview Load (0.1ms)[0m  [1m[34mSELECT "reviews".* FROM "reviews" WHERE "reviews"."airline_id" = $1[0m  [["airline_id", 39]]
  ↳ app/controllers/concerns/api/v1/airlines_controller.rb:21
Completed 200 OK in 12ms (Views: 0.1ms | ActiveRecord: 9.9ms)


Started PATCH "/api/v1/airlines/fake-airline" for ::1 at 2022-11-27 15:21:40 +1100
Processing by Api::V1::AirlinesController#update as */*
  Parameters: {"name"=>"other fake airline", "slug"=>"fake-airline", "airline"=>{"name"=>"other fake airline"}}
Can't verify CSRF token authenticity.
  [1m[35m (0.1ms)[0m  [1m[35mBEGIN[0m
  ↳ app/controllers/concerns/api/v1/airlines_controller.rb:20
  [1m[36mAirline Create (0.2ms)[0m  [1m[32mINSERT INTO "airlines" ("name", "slug", "created_at", "updated_at") VALUES ($1, $2, $3, $4) RETURNING "id"[0m  [["name", "other fake airline"], ["slug", "other-fake-airline"], ["created_at", "2022-11-27 04:21:40.955595"], ["updated_at", "2022-11-27 04:21:40.955595"]]
  ↳ app/controllers/concerns/api/v1/airlines_controller.rb:20
  [1m[35m (0.5ms)[0m  [1m[35mCOMMIT[0m
  ↳ app/controllers/concerns/api/v1/airlines_controller.rb:20
  [1m[35m (0.1ms)[0m  [1m[34mSELECT "reviews"."id" FROM "reviews" WHERE "reviews"."airline_id" = $1[0m  [["airline_id", 40]]
  ↳ app/controllers/concerns/api/v1/airlines_controller.rb:21
  [1m[36mReview Load (0.1ms)[0m  [1m[34mSELECT "reviews".* FROM "reviews" WHERE "reviews"."airline_id" = $1[0m  [["airline_id", 40]]
  ↳ app/controllers/concerns/api/v1/airlines_controller.rb:21
Completed 200 OK in 4ms (Views: 0.1ms | ActiveRecord: 1.1ms)


Started PATCH "/api/v1/airlines/fake-airline" for ::1 at 2022-11-27 15:21:42 +1100
Processing by Api::V1::AirlinesController#update as */*
  Parameters: {"name"=>"other fake airline", "slug"=>"fake-airline", "airline"=>{"name"=>"other fake airline"}}
Can't verify CSRF token authenticity.
  [1m[35m (0.0ms)[0m  [1m[35mBEGIN[0m
  ↳ app/controllers/concerns/api/v1/airlines_controller.rb:20
  [1m[36mAirline Create (0.2ms)[0m  [1m[32mINSERT INTO "airlines" ("name", "slug", "created_at", "updated_at") VALUES ($1, $2, $3, $4) RETURNING "id"[0m  [["name", "other fake airline"], ["slug", "other-fake-airline"], ["created_at", "2022-11-27 04:21:42.258817"], ["updated_at", "2022-11-27 04:21:42.258817"]]
  ↳ app/controllers/concerns/api/v1/airlines_controller.rb:20
  [1m[35m (7.3ms)[0m  [1m[35mCOMMIT[0m
  ↳ app/controllers/concerns/api/v1/airlines_controller.rb:20
  [1m[35m (0.1ms)[0m  [1m[34mSELECT "reviews"."id" FROM "reviews" WHERE "reviews"."airline_id" = $1[0m  [["airline_id", 41]]
  ↳ app/controllers/concerns/api/v1/airlines_controller.rb:21
  [1m[36mReview Load (0.0ms)[0m  [1m[34mSELECT "reviews".* FROM "reviews" WHERE "reviews"."airline_id" = $1[0m  [["airline_id", 41]]
  ↳ app/controllers/concerns/api/v1/airlines_controller.rb:21
Completed 200 OK in 10ms (Views: 0.1ms | ActiveRecord: 7.7ms)


Started PATCH "/api/v1/airlines/fake-airline" for ::1 at 2022-11-27 15:22:24 +1100
Processing by Api::V1::AirlinesController#update as */*
  Parameters: {"name"=>"other fake airline", "slug"=>"fake-airline", "airline"=>{"name"=>"other fake airline"}}
Can't verify CSRF token authenticity.
  [1m[36mAirline Load (0.1ms)[0m  [1m[34mSELECT  "airlines".* FROM "airlines" WHERE "airlines"."slug" = $1 LIMIT $2[0m  [["slug", "fake-airline"], ["LIMIT", 1]]
  ↳ app/controllers/concerns/api/v1/airlines_controller.rb:18
  [1m[35m (0.2ms)[0m  [1m[35mBEGIN[0m
  ↳ app/controllers/concerns/api/v1/airlines_controller.rb:20
  [1m[36mAirline Update (0.2ms)[0m  [1m[33mUPDATE "airlines" SET "name" = $1, "updated_at" = $2 WHERE "airlines"."id" = $3[0m  [["name", "other fake airline"], ["updated_at", "2022-11-27 04:22:24.896572"], ["id", 37]]
  ↳ app/controllers/concerns/api/v1/airlines_controller.rb:20
  [1m[35m (0.4ms)[0m  [1m[35mCOMMIT[0m
  ↳ app/controllers/concerns/api/v1/airlines_controller.rb:20
  [1m[35m (0.1ms)[0m  [1m[34mSELECT "reviews"."id" FROM "reviews" WHERE "reviews"."airline_id" = $1[0m  [["airline_id", 37]]
  ↳ app/controllers/concerns/api/v1/airlines_controller.rb:21
  [1m[36mReview Load (0.2ms)[0m  [1m[34mSELECT "reviews".* FROM "reviews" WHERE "reviews"."airline_id" = $1[0m  [["airline_id", 37]]
  ↳ app/controllers/concerns/api/v1/airlines_controller.rb:21
Completed 200 OK in 10ms (Views: 0.1ms | ActiveRecord: 4.0ms)


Started PATCH "/api/v1/airlines/fake-airline" for ::1 at 2022-11-27 15:22:26 +1100
Processing by Api::V1::AirlinesController#update as */*
  Parameters: {"name"=>"other fake airline", "slug"=>"fake-airline", "airline"=>{"name"=>"other fake airline"}}
Can't verify CSRF token authenticity.
  [1m[36mAirline Load (0.1ms)[0m  [1m[34mSELECT  "airlines".* FROM "airlines" WHERE "airlines"."slug" = $1 LIMIT $2[0m  [["slug", "fake-airline"], ["LIMIT", 1]]
  ↳ app/controllers/concerns/api/v1/airlines_controller.rb:18
  [1m[35m (0.0ms)[0m  [1m[35mBEGIN[0m
  ↳ app/controllers/concerns/api/v1/airlines_controller.rb:20
  [1m[35m (0.1ms)[0m  [1m[35mCOMMIT[0m
  ↳ app/controllers/concerns/api/v1/airlines_controller.rb:20
  [1m[35m (0.1ms)[0m  [1m[34mSELECT "reviews"."id" FROM "reviews" WHERE "reviews"."airline_id" = $1[0m  [["airline_id", 37]]
  ↳ app/controllers/concerns/api/v1/airlines_controller.rb:21
  [1m[36mReview Load (0.0ms)[0m  [1m[34mSELECT "reviews".* FROM "reviews" WHERE "reviews"."airline_id" = $1[0m  [["airline_id", 37]]
  ↳ app/controllers/concerns/api/v1/airlines_controller.rb:21
Completed 200 OK in 2ms (Views: 0.1ms | ActiveRecord: 0.3ms)


Started PATCH "/api/v1/airlines/fake-airline" for ::1 at 2022-11-27 15:22:26 +1100
Processing by Api::V1::AirlinesController#update as */*
  Parameters: {"name"=>"other fake airline", "slug"=>"fake-airline", "airline"=>{"name"=>"other fake airline"}}
Can't verify CSRF token authenticity.
  [1m[36mAirline Load (0.2ms)[0m  [1m[34mSELECT  "airlines".* FROM "airlines" WHERE "airlines"."slug" = $1 LIMIT $2[0m  [["slug", "fake-airline"], ["LIMIT", 1]]
  ↳ app/controllers/concerns/api/v1/airlines_controller.rb:18
  [1m[35m (0.0ms)[0m  [1m[35mBEGIN[0m
  ↳ app/controllers/concerns/api/v1/airlines_controller.rb:20
  [1m[35m (0.1ms)[0m  [1m[35mCOMMIT[0m
  ↳ app/controllers/concerns/api/v1/airlines_controller.rb:20
  [1m[35m (0.1ms)[0m  [1m[34mSELECT "reviews"."id" FROM "reviews" WHERE "reviews"."airline_id" = $1[0m  [["airline_id", 37]]
  ↳ app/controllers/concerns/api/v1/airlines_controller.rb:21
  [1m[36mReview Load (0.1ms)[0m  [1m[34mSELECT "reviews".* FROM "reviews" WHERE "reviews"."airline_id" = $1[0m  [["airline_id", 37]]
  ↳ app/controllers/concerns/api/v1/airlines_controller.rb:21
Completed 200 OK in 2ms (Views: 0.1ms | ActiveRecord: 0.4ms)


Started GET "/api/v1/airlines/fake-airline" for ::1 at 2022-11-27 15:22:28 +1100
Processing by Api::V1::AirlinesController#show as */*
  Parameters: {"slug"=>"fake-airline"}
  [1m[36mAirline Load (0.1ms)[0m  [1m[34mSELECT  "airlines".* FROM "airlines" WHERE "airlines"."slug" = $1 LIMIT $2[0m  [["slug", "fake-airline"], ["LIMIT", 1]]
  ↳ app/controllers/concerns/api/v1/airlines_controller.rb:12
  [1m[35m (0.1ms)[0m  [1m[34mSELECT "reviews"."id" FROM "reviews" WHERE "reviews"."airline_id" = $1[0m  [["airline_id", 37]]
  ↳ app/controllers/concerns/api/v1/airlines_controller.rb:14
  [1m[36mReview Load (0.0ms)[0m  [1m[34mSELECT "reviews".* FROM "reviews" WHERE "reviews"."airline_id" = $1[0m  [["airline_id", 37]]
  ↳ app/controllers/concerns/api/v1/airlines_controller.rb:14
Completed 200 OK in 2ms (Views: 0.1ms | ActiveRecord: 0.3ms)


Started DELETE "/api/v1/airlines/fake-airline" for ::1 at 2022-11-27 15:24:34 +1100
  
AbstractController::ActionNotFound (The action 'destroy' could not be found for Api::V1::AirlinesController):
  
actionpack (5.2.8.1) lib/abstract_controller/base.rb:129:in `process'
actionview (5.2.8.1) lib/action_view/rendering.rb:32:in `process'
actionpack (5.2.8.1) lib/action_controller/metal.rb:191:in `dispatch'
actionpack (5.2.8.1) lib/action_controller/metal.rb:252:in `dispatch'
actionpack (5.2.8.1) lib/action_dispatch/routing/route_set.rb:52:in `dispatch'
actionpack (5.2.8.1) lib/action_dispatch/routing/route_set.rb:34:in `serve'
actionpack (5.2.8.1) lib/action_dispatch/journey/router.rb:52:in `block in serve'
actionpack (5.2.8.1) lib/action_dispatch/journey/router.rb:35:in `each'
actionpack (5.2.8.1) lib/action_dispatch/journey/router.rb:35:in `serve'
actionpack (5.2.8.1) lib/action_dispatch/routing/route_set.rb:840:in `call'
rack (2.2.4) lib/rack/tempfile_reaper.rb:15:in `call'
rack (2.2.4) lib/rack/etag.rb:27:in `call'
rack (2.2.4) lib/rack/conditional_get.rb:40:in `call'
rack (2.2.4) lib/rack/head.rb:12:in `call'
actionpack (5.2.8.1) lib/action_dispatch/http/content_security_policy.rb:18:in `call'
rack (2.2.4) lib/rack/session/abstract/id.rb:266:in `context'
rack (2.2.4) lib/rack/session/abstract/id.rb:260:in `call'
actionpack (5.2.8.1) lib/action_dispatch/middleware/cookies.rb:670:in `call'
activerecord (5.2.8.1) lib/active_record/migration.rb:559:in `call'
actionpack (5.2.8.1) lib/action_dispatch/middleware/callbacks.rb:28:in `block in call'
activesupport (5.2.8.1) lib/active_support/callbacks.rb:98:in `run_callbacks'
actionpack (5.2.8.1) lib/action_dispatch/middleware/callbacks.rb:26:in `call'
actionpack (5.2.8.1) lib/action_dispatch/middleware/executor.rb:14:in `call'
actionpack (5.2.8.1) lib/action_dispatch/middleware/debug_exceptions.rb:61:in `call'
web-console (3.7.0) lib/web_console/middleware.rb:135:in `call_app'
web-console (3.7.0) lib/web_console/middleware.rb:30:in `block in call'
web-console (3.7.0) lib/web_console/middleware.rb:20:in `catch'
web-console (3.7.0) lib/web_console/middleware.rb:20:in `call'
actionpack (5.2.8.1) lib/action_dispatch/middleware/show_exceptions.rb:33:in `call'
railties (5.2.8.1) lib/rails/rack/logger.rb:38:in `call_app'
railties (5.2.8.1) lib/rails/rack/logger.rb:26:in `block in call'
activesupport (5.2.8.1) lib/active_support/tagged_logging.rb:71:in `block in tagged'
activesupport (5.2.8.1) lib/active_support/tagged_logging.rb:28:in `tagged'
activesupport (5.2.8.1) lib/active_support/tagged_logging.rb:71:in `tagged'
railties (5.2.8.1) lib/rails/rack/logger.rb:26:in `call'
sprockets-rails (3.4.2) lib/sprockets/rails/quiet_assets.rb:13:in `call'
actionpack (5.2.8.1) lib/action_dispatch/middleware/remote_ip.rb:81:in `call'
actionpack (5.2.8.1) lib/action_dispatch/middleware/request_id.rb:27:in `call'
rack (2.2.4) lib/rack/method_override.rb:24:in `call'
rack (2.2.4) lib/rack/runtime.rb:22:in `call'
activesupport (5.2.8.1) lib/active_support/cache/strategy/local_cache_middleware.rb:29:in `call'
actionpack (5.2.8.1) lib/action_dispatch/middleware/executor.rb:14:in `call'
actionpack (5.2.8.1) lib/action_dispatch/middleware/static.rb:127:in `call'
rack (2.2.4) lib/rack/sendfile.rb:110:in `call'
webpacker (5.4.3) lib/webpacker/dev_server_proxy.rb:25:in `perform_request'
rack-proxy (0.7.4) lib/rack/proxy.rb:78:in `call'
railties (5.2.8.1) lib/rails/engine.rb:524:in `call'
puma (3.12.6) lib/puma/configuration.rb:227:in `call'
puma (3.12.6) lib/puma/server.rb:706:in `handle_request'
puma (3.12.6) lib/puma/server.rb:476:in `process_client'
puma (3.12.6) lib/puma/server.rb:334:in `block in run'
puma (3.12.6) lib/puma/thread_pool.rb:135:in `block in spawn_thread'
Started DELETE "/api/v1/airlines/fake-airline" for ::1 at 2022-11-27 15:25:29 +1100
Processing by Api::V1::AirlinesController#destroy as */*
  Parameters: {"slug"=>"fake-airline"}
Can't verify CSRF token authenticity.
Completed 400 Bad Request in 1ms (ActiveRecord: 0.0ms)


  
ActionController::ParameterMissing (param is missing or the value is empty: airline):
  
app/controllers/concerns/api/v1/airlines_controller.rb:51:in `airline_params'
app/controllers/concerns/api/v1/airlines_controller.rb:29:in `destroy'
Started DELETE "/api/v1/airlines/fake-airline" for ::1 at 2022-11-27 15:25:57 +1100
Processing by Api::V1::AirlinesController#destroy as */*
  Parameters: {"slug"=>"fake-airline"}
Can't verify CSRF token authenticity.
  [1m[36mAirline Load (0.1ms)[0m  [1m[34mSELECT  "airlines".* FROM "airlines" WHERE "airlines"."slug" = $1 LIMIT $2[0m  [["slug", "fake-airline"], ["LIMIT", 1]]
  ↳ app/controllers/concerns/api/v1/airlines_controller.rb:29
  [1m[35m (0.1ms)[0m  [1m[35mBEGIN[0m
  ↳ app/controllers/concerns/api/v1/airlines_controller.rb:30
  [1m[36mAirline Destroy (0.3ms)[0m  [1m[31mDELETE FROM "airlines" WHERE "airlines"."id" = $1[0m  [["id", 37]]
  ↳ app/controllers/concerns/api/v1/airlines_controller.rb:30
  [1m[35m (0.4ms)[0m  [1m[35mCOMMIT[0m
  ↳ app/controllers/concerns/api/v1/airlines_controller.rb:30
Completed 204 No Content in 8ms (ActiveRecord: 2.4ms)


Started GET "/api/v1/airlines/fake-airline" for ::1 at 2022-11-27 15:26:00 +1100
Processing by Api::V1::AirlinesController#show as */*
  Parameters: {"slug"=>"fake-airline"}
  [1m[36mAirline Load (0.1ms)[0m  [1m[34mSELECT  "airlines".* FROM "airlines" WHERE "airlines"."slug" = $1 LIMIT $2[0m  [["slug", "fake-airline"], ["LIMIT", 1]]
  ↳ app/controllers/concerns/api/v1/airlines_controller.rb:12
Completed 200 OK in 1ms (Views: 0.1ms | ActiveRecord: 0.1ms)


Started GET "/api/v1/airlines/fake-airline" for ::1 at 2022-11-27 15:26:04 +1100
Processing by Api::V1::AirlinesController#show as */*
  Parameters: {"slug"=>"fake-airline"}
  [1m[36mAirline Load (0.1ms)[0m  [1m[34mSELECT  "airlines".* FROM "airlines" WHERE "airlines"."slug" = $1 LIMIT $2[0m  [["slug", "fake-airline"], ["LIMIT", 1]]
  ↳ app/controllers/concerns/api/v1/airlines_controller.rb:12
Completed 200 OK in 1ms (Views: 0.1ms | ActiveRecord: 0.1ms)


Started GET "/api/v1/reviews" for ::1 at 2022-11-27 15:32:00 +1100
  [1m[35m (0.4ms)[0m  [1m[34mSELECT "schema_migrations"."version" FROM "schema_migrations" ORDER BY "schema_migrations"."version" ASC[0m
  ↳ /home/harry-qin/.rbenv/versions/2.6.5/lib/ruby/gems/2.6.0/gems/activerecord-5.2.8.1/lib/active_record/log_subscriber.rb:98
  
ActionController::RoutingError (uninitialized constant PagesController):
  
activesupport (5.2.8.1) lib/active_support/inflector/methods.rb:283:in `const_get'
activesupport (5.2.8.1) lib/active_support/inflector/methods.rb:283:in `block in constantize'
activesupport (5.2.8.1) lib/active_support/inflector/methods.rb:281:in `each'
activesupport (5.2.8.1) lib/active_support/inflector/methods.rb:281:in `inject'
activesupport (5.2.8.1) lib/active_support/inflector/methods.rb:281:in `constantize'
actionpack (5.2.8.1) lib/action_dispatch/http/request.rb:88:in `controller_class_for'
actionpack (5.2.8.1) lib/action_dispatch/http/request.rb:81:in `controller_class'
actionpack (5.2.8.1) lib/action_dispatch/routing/route_set.rb:46:in `controller'
actionpack (5.2.8.1) lib/action_dispatch/routing/route_set.rb:32:in `serve'
actionpack (5.2.8.1) lib/action_dispatch/journey/router.rb:52:in `block in serve'
actionpack (5.2.8.1) lib/action_dispatch/journey/router.rb:35:in `each'
actionpack (5.2.8.1) lib/action_dispatch/journey/router.rb:35:in `serve'
actionpack (5.2.8.1) lib/action_dispatch/routing/route_set.rb:840:in `call'
rack (2.2.4) lib/rack/tempfile_reaper.rb:15:in `call'
rack (2.2.4) lib/rack/etag.rb:27:in `call'
rack (2.2.4) lib/rack/conditional_get.rb:27:in `call'
rack (2.2.4) lib/rack/head.rb:12:in `call'
actionpack (5.2.8.1) lib/action_dispatch/http/content_security_policy.rb:18:in `call'
rack (2.2.4) lib/rack/session/abstract/id.rb:266:in `context'
rack (2.2.4) lib/rack/session/abstract/id.rb:260:in `call'
actionpack (5.2.8.1) lib/action_dispatch/middleware/cookies.rb:670:in `call'
activerecord (5.2.8.1) lib/active_record/migration.rb:559:in `call'
actionpack (5.2.8.1) lib/action_dispatch/middleware/callbacks.rb:28:in `block in call'
activesupport (5.2.8.1) lib/active_support/callbacks.rb:98:in `run_callbacks'
actionpack (5.2.8.1) lib/action_dispatch/middleware/callbacks.rb:26:in `call'
actionpack (5.2.8.1) lib/action_dispatch/middleware/executor.rb:14:in `call'
actionpack (5.2.8.1) lib/action_dispatch/middleware/debug_exceptions.rb:61:in `call'
web-console (3.7.0) lib/web_console/middleware.rb:135:in `call_app'
web-console (3.7.0) lib/web_console/middleware.rb:30:in `block in call'
web-console (3.7.0) lib/web_console/middleware.rb:20:in `catch'
web-console (3.7.0) lib/web_console/middleware.rb:20:in `call'
actionpack (5.2.8.1) lib/action_dispatch/middleware/show_exceptions.rb:33:in `call'
railties (5.2.8.1) lib/rails/rack/logger.rb:38:in `call_app'
railties (5.2.8.1) lib/rails/rack/logger.rb:26:in `block in call'
activesupport (5.2.8.1) lib/active_support/tagged_logging.rb:71:in `block in tagged'
activesupport (5.2.8.1) lib/active_support/tagged_logging.rb:28:in `tagged'
activesupport (5.2.8.1) lib/active_support/tagged_logging.rb:71:in `tagged'
railties (5.2.8.1) lib/rails/rack/logger.rb:26:in `call'
sprockets-rails (3.4.2) lib/sprockets/rails/quiet_assets.rb:13:in `call'
actionpack (5.2.8.1) lib/action_dispatch/middleware/remote_ip.rb:81:in `call'
actionpack (5.2.8.1) lib/action_dispatch/middleware/request_id.rb:27:in `call'
rack (2.2.4) lib/rack/method_override.rb:24:in `call'
rack (2.2.4) lib/rack/runtime.rb:22:in `call'
activesupport (5.2.8.1) lib/active_support/cache/strategy/local_cache_middleware.rb:29:in `call'
actionpack (5.2.8.1) lib/action_dispatch/middleware/executor.rb:14:in `call'
actionpack (5.2.8.1) lib/action_dispatch/middleware/static.rb:127:in `call'
rack (2.2.4) lib/rack/sendfile.rb:110:in `call'
webpacker (5.4.3) lib/webpacker/dev_server_proxy.rb:25:in `perform_request'
rack-proxy (0.7.4) lib/rack/proxy.rb:78:in `call'
railties (5.2.8.1) lib/rails/engine.rb:524:in `call'
puma (3.12.6) lib/puma/configuration.rb:227:in `call'
puma (3.12.6) lib/puma/server.rb:706:in `handle_request'
puma (3.12.6) lib/puma/server.rb:476:in `process_client'
puma (3.12.6) lib/puma/server.rb:334:in `block in run'
puma (3.12.6) lib/puma/thread_pool.rb:135:in `block in spawn_thread'
Started GET "/api/v1/reviews" for ::1 at 2022-11-27 15:33:06 +1100
  
ActionController::RoutingError (uninitialized constant PagesController):
  
activesupport (5.2.8.1) lib/active_support/inflector/methods.rb:283:in `const_get'
activesupport (5.2.8.1) lib/active_support/inflector/methods.rb:283:in `block in constantize'
activesupport (5.2.8.1) lib/active_support/inflector/methods.rb:281:in `each'
activesupport (5.2.8.1) lib/active_support/inflector/methods.rb:281:in `inject'
activesupport (5.2.8.1) lib/active_support/inflector/methods.rb:281:in `constantize'
actionpack (5.2.8.1) lib/action_dispatch/http/request.rb:88:in `controller_class_for'
actionpack (5.2.8.1) lib/action_dispatch/http/request.rb:81:in `controller_class'
actionpack (5.2.8.1) lib/action_dispatch/routing/route_set.rb:46:in `controller'
actionpack (5.2.8.1) lib/action_dispatch/routing/route_set.rb:32:in `serve'
actionpack (5.2.8.1) lib/action_dispatch/journey/router.rb:52:in `block in serve'
actionpack (5.2.8.1) lib/action_dispatch/journey/router.rb:35:in `each'
actionpack (5.2.8.1) lib/action_dispatch/journey/router.rb:35:in `serve'
actionpack (5.2.8.1) lib/action_dispatch/routing/route_set.rb:840:in `call'
rack (2.2.4) lib/rack/tempfile_reaper.rb:15:in `call'
rack (2.2.4) lib/rack/etag.rb:27:in `call'
rack (2.2.4) lib/rack/conditional_get.rb:27:in `call'
rack (2.2.4) lib/rack/head.rb:12:in `call'
actionpack (5.2.8.1) lib/action_dispatch/http/content_security_policy.rb:18:in `call'
rack (2.2.4) lib/rack/session/abstract/id.rb:266:in `context'
rack (2.2.4) lib/rack/session/abstract/id.rb:260:in `call'
actionpack (5.2.8.1) lib/action_dispatch/middleware/cookies.rb:670:in `call'
activerecord (5.2.8.1) lib/active_record/migration.rb:559:in `call'
actionpack (5.2.8.1) lib/action_dispatch/middleware/callbacks.rb:28:in `block in call'
activesupport (5.2.8.1) lib/active_support/callbacks.rb:98:in `run_callbacks'
actionpack (5.2.8.1) lib/action_dispatch/middleware/callbacks.rb:26:in `call'
actionpack (5.2.8.1) lib/action_dispatch/middleware/executor.rb:14:in `call'
actionpack (5.2.8.1) lib/action_dispatch/middleware/debug_exceptions.rb:61:in `call'
web-console (3.7.0) lib/web_console/middleware.rb:135:in `call_app'
web-console (3.7.0) lib/web_console/middleware.rb:30:in `block in call'
web-console (3.7.0) lib/web_console/middleware.rb:20:in `catch'
web-console (3.7.0) lib/web_console/middleware.rb:20:in `call'
actionpack (5.2.8.1) lib/action_dispatch/middleware/show_exceptions.rb:33:in `call'
railties (5.2.8.1) lib/rails/rack/logger.rb:38:in `call_app'
railties (5.2.8.1) lib/rails/rack/logger.rb:26:in `block in call'
activesupport (5.2.8.1) lib/active_support/tagged_logging.rb:71:in `block in tagged'
activesupport (5.2.8.1) lib/active_support/tagged_logging.rb:28:in `tagged'
activesupport (5.2.8.1) lib/active_support/tagged_logging.rb:71:in `tagged'
railties (5.2.8.1) lib/rails/rack/logger.rb:26:in `call'
sprockets-rails (3.4.2) lib/sprockets/rails/quiet_assets.rb:13:in `call'
actionpack (5.2.8.1) lib/action_dispatch/middleware/remote_ip.rb:81:in `call'
actionpack (5.2.8.1) lib/action_dispatch/middleware/request_id.rb:27:in `call'
rack (2.2.4) lib/rack/method_override.rb:24:in `call'
rack (2.2.4) lib/rack/runtime.rb:22:in `call'
activesupport (5.2.8.1) lib/active_support/cache/strategy/local_cache_middleware.rb:29:in `call'
actionpack (5.2.8.1) lib/action_dispatch/middleware/executor.rb:14:in `call'
actionpack (5.2.8.1) lib/action_dispatch/middleware/static.rb:127:in `call'
rack (2.2.4) lib/rack/sendfile.rb:110:in `call'
webpacker (5.4.3) lib/webpacker/dev_server_proxy.rb:25:in `perform_request'
rack-proxy (0.7.4) lib/rack/proxy.rb:78:in `call'
railties (5.2.8.1) lib/rails/engine.rb:524:in `call'
puma (3.12.6) lib/puma/configuration.rb:227:in `call'
puma (3.12.6) lib/puma/server.rb:706:in `handle_request'
puma (3.12.6) lib/puma/server.rb:476:in `process_client'
puma (3.12.6) lib/puma/server.rb:334:in `block in run'
puma (3.12.6) lib/puma/thread_pool.rb:135:in `block in spawn_thread'
Started GET "/api/v1/airlines/fake-airline" for ::1 at 2022-11-27 15:33:37 +1100
Processing by Api::V1::AirlinesController#show as */*
  Parameters: {"slug"=>"fake-airline"}
  [1m[36mAirline Load (0.2ms)[0m  [1m[34mSELECT  "airlines".* FROM "airlines" WHERE "airlines"."slug" = $1 LIMIT $2[0m  [["slug", "fake-airline"], ["LIMIT", 1]]
  ↳ app/controllers/concerns/api/v1/airlines_controller.rb:12
Completed 200 OK in 10ms (Views: 0.1ms | ActiveRecord: 1.2ms)


Started POST "/api/v1/airlines" for ::1 at 2022-11-27 15:33:40 +1100
Processing by Api::V1::AirlinesController#create as */*
  Parameters: {"name"=>"fake-airline", "airline"=>{"name"=>"fake-airline"}}
Can't verify CSRF token authenticity.
  [1m[35m (0.1ms)[0m  [1m[35mBEGIN[0m
  ↳ app/controllers/concerns/api/v1/airlines_controller.rb:40
  [1m[36mAirline Create (0.4ms)[0m  [1m[32mINSERT INTO "airlines" ("name", "slug", "created_at", "updated_at") VALUES ($1, $2, $3, $4) RETURNING "id"[0m  [["name", "fake-airline"], ["slug", "fake-airline"], ["created_at", "2022-11-27 04:33:40.473619"], ["updated_at", "2022-11-27 04:33:40.473619"]]
  ↳ app/controllers/concerns/api/v1/airlines_controller.rb:40
  [1m[35m (0.6ms)[0m  [1m[35mCOMMIT[0m
  ↳ app/controllers/concerns/api/v1/airlines_controller.rb:40
  [1m[35m (0.1ms)[0m  [1m[34mSELECT "reviews"."id" FROM "reviews" WHERE "reviews"."airline_id" = $1[0m  [["airline_id", 42]]
  ↳ app/controllers/concerns/api/v1/airlines_controller.rb:41
Completed 200 OK in 40ms (Views: 0.1ms | ActiveRecord: 4.0ms)


Started GET "/api/v1/airlines/fake-airline" for ::1 at 2022-11-27 15:33:43 +1100
Processing by Api::V1::AirlinesController#show as */*
  Parameters: {"slug"=>"fake-airline"}
  [1m[36mAirline Load (0.2ms)[0m  [1m[34mSELECT  "airlines".* FROM "airlines" WHERE "airlines"."slug" = $1 LIMIT $2[0m  [["slug", "fake-airline"], ["LIMIT", 1]]
  ↳ app/controllers/concerns/api/v1/airlines_controller.rb:12
  [1m[35m (0.1ms)[0m  [1m[34mSELECT "reviews"."id" FROM "reviews" WHERE "reviews"."airline_id" = $1[0m  [["airline_id", 42]]
  ↳ app/controllers/concerns/api/v1/airlines_controller.rb:14
  [1m[36mReview Load (0.1ms)[0m  [1m[34mSELECT "reviews".* FROM "reviews" WHERE "reviews"."airline_id" = $1[0m  [["airline_id", 42]]
  ↳ app/controllers/concerns/api/v1/airlines_controller.rb:14
Completed 200 OK in 2ms (Views: 0.1ms | ActiveRecord: 0.4ms)


Started POST "/api/v1/reviews" for ::1 at 2022-11-27 15:33:49 +1100
Processing by Api::V1::ReviewsController#create as */*
  Parameters: {"name"=>"review1", "description"=>"description", "score"=>5, "airline_id"=>1, "review"=>{"description"=>"description", "score"=>5, "airline_id"=>1}}
Can't verify CSRF token authenticity.
Completed 500 Internal Server Error in 1ms (ActiveRecord: 0.0ms)


  
NameError (uninitialized constant Api::V1::ReviewsController::Reivew):
  
app/controllers/concerns/api/v1/reviews_controller.rb:7:in `create'
Started POST "/api/v1/reviews" for ::1 at 2022-11-27 15:35:52 +1100
Processing by Api::V1::ReviewsController#create as */*
  Parameters: {"name"=>"review1", "description"=>"description", "score"=>5, "airline_id"=>1, "review"=>{"description"=>"description", "score"=>5, "airline_id"=>1}}
Can't verify CSRF token authenticity.
Completed 500 Internal Server Error in 1ms (ActiveRecord: 1.0ms)


  
NameError (uninitialized constant Api::V1::ReviewsController::Reivew):
  
app/controllers/concerns/api/v1/reviews_controller.rb:7:in `create'
Started POST "/api/v1/reviews" for ::1 at 2022-11-27 15:38:32 +1100
Processing by Api::V1::ReviewsController#create as */*
  Parameters: {"name"=>"review1", "description"=>"description", "score"=>5, "airline_id"=>1, "review"=>{"description"=>"description", "score"=>5, "airline_id"=>1}}
Can't verify CSRF token authenticity.
Completed 500 Internal Server Error in 1ms (ActiveRecord: 1.2ms)


  
NameError (uninitialized constant Api::V1::ReviewsController::Reivews):
  
app/controllers/concerns/api/v1/reviews_controller.rb:7:in `create'
Started POST "/api/v1/reviews" for ::1 at 2022-11-27 15:39:37 +1100
Processing by Api::V1::ReviewsController#create as */*
  Parameters: {"name"=>"review1", "description"=>"description", "score"=>5, "airline_id"=>1, "review"=>{"description"=>"description", "score"=>5, "airline_id"=>1}}
Can't verify CSRF token authenticity.
  [1m[35m (0.2ms)[0m  [1m[35mBEGIN[0m
  ↳ app/controllers/concerns/api/v1/reviews_controller.rb:9
  [1m[36mAirline Load (0.1ms)[0m  [1m[34mSELECT  "airlines".* FROM "airlines" WHERE "airlines"."id" = $1 LIMIT $2[0m  [["id", 1], ["LIMIT", 1]]
  ↳ app/controllers/concerns/api/v1/reviews_controller.rb:9
  [1m[36mReview Create (0.2ms)[0m  [1m[32mINSERT INTO "reviews" ("description", "score", "airline_id", "created_at", "updated_at") VALUES ($1, $2, $3, $4, $5) RETURNING "id"[0m  [["description", "description"], ["score", 5], ["airline_id", 1], ["created_at", "2022-11-27 04:39:37.347113"], ["updated_at", "2022-11-27 04:39:37.347113"]]
  ↳ app/controllers/concerns/api/v1/reviews_controller.rb:9
  [1m[35m (0.4ms)[0m  [1m[35mCOMMIT[0m
  ↳ app/controllers/concerns/api/v1/reviews_controller.rb:9
Completed 200 OK in 14ms (Views: 0.1ms | ActiveRecord: 3.8ms)


Started POST "/api/v1/reviews" for ::1 at 2022-11-27 15:39:45 +1100
Processing by Api::V1::ReviewsController#create as */*
  Parameters: {"title"=>"review1", "description"=>"description", "score"=>5, "airline_id"=>1, "review"=>{"title"=>"review1", "description"=>"description", "score"=>5, "airline_id"=>1}}
Can't verify CSRF token authenticity.
  [1m[35m (0.1ms)[0m  [1m[35mBEGIN[0m
  ↳ app/controllers/concerns/api/v1/reviews_controller.rb:9
  [1m[36mAirline Load (0.2ms)[0m  [1m[34mSELECT  "airlines".* FROM "airlines" WHERE "airlines"."id" = $1 LIMIT $2[0m  [["id", 1], ["LIMIT", 1]]
  ↳ app/controllers/concerns/api/v1/reviews_controller.rb:9
  [1m[36mReview Create (0.2ms)[0m  [1m[32mINSERT INTO "reviews" ("title", "description", "score", "airline_id", "created_at", "updated_at") VALUES ($1, $2, $3, $4, $5, $6) RETURNING "id"[0m  [["title", "review1"], ["description", "description"], ["score", 5], ["airline_id", 1], ["created_at", "2022-11-27 04:39:45.604955"], ["updated_at", "2022-11-27 04:39:45.604955"]]
  ↳ app/controllers/concerns/api/v1/reviews_controller.rb:9
  [1m[35m (9.3ms)[0m  [1m[35mCOMMIT[0m
  ↳ app/controllers/concerns/api/v1/reviews_controller.rb:9
Completed 200 OK in 12ms (Views: 0.1ms | ActiveRecord: 9.7ms)


Started POST "/api/v1/reviews" for ::1 at 2022-11-27 15:39:46 +1100
Processing by Api::V1::ReviewsController#create as */*
  Parameters: {"title"=>"review1", "description"=>"description", "score"=>5, "airline_id"=>1, "review"=>{"title"=>"review1", "description"=>"description", "score"=>5, "airline_id"=>1}}
Can't verify CSRF token authenticity.
  [1m[35m (0.1ms)[0m  [1m[35mBEGIN[0m
  ↳ app/controllers/concerns/api/v1/reviews_controller.rb:9
  [1m[36mAirline Load (0.1ms)[0m  [1m[34mSELECT  "airlines".* FROM "airlines" WHERE "airlines"."id" = $1 LIMIT $2[0m  [["id", 1], ["LIMIT", 1]]
  ↳ app/controllers/concerns/api/v1/reviews_controller.rb:9
  [1m[36mReview Create (0.2ms)[0m  [1m[32mINSERT INTO "reviews" ("title", "description", "score", "airline_id", "created_at", "updated_at") VALUES ($1, $2, $3, $4, $5, $6) RETURNING "id"[0m  [["title", "review1"], ["description", "description"], ["score", 5], ["airline_id", 1], ["created_at", "2022-11-27 04:39:46.578950"], ["updated_at", "2022-11-27 04:39:46.578950"]]
  ↳ app/controllers/concerns/api/v1/reviews_controller.rb:9
  [1m[35m (0.4ms)[0m  [1m[35mCOMMIT[0m
  ↳ app/controllers/concerns/api/v1/reviews_controller.rb:9
Completed 200 OK in 2ms (Views: 0.1ms | ActiveRecord: 0.8ms)


Started GET "/api/v1/airlines/united-airline" for ::1 at 2022-11-27 15:40:06 +1100
Processing by Api::V1::AirlinesController#show as */*
  Parameters: {"slug"=>"united-airline"}
  [1m[36mAirline Load (0.2ms)[0m  [1m[34mSELECT  "airlines".* FROM "airlines" WHERE "airlines"."slug" = $1 LIMIT $2[0m  [["slug", "united-airline"], ["LIMIT", 1]]
  ↳ app/controllers/concerns/api/v1/airlines_controller.rb:12
Completed 200 OK in 2ms (Views: 0.1ms | ActiveRecord: 0.2ms)


Started GET "/api/v1/airlines/united-airlines" for ::1 at 2022-11-27 15:40:24 +1100
Processing by Api::V1::AirlinesController#show as */*
  Parameters: {"slug"=>"united-airlines"}
  [1m[36mAirline Load (0.1ms)[0m  [1m[34mSELECT  "airlines".* FROM "airlines" WHERE "airlines"."slug" = $1 LIMIT $2[0m  [["slug", "united-airlines"], ["LIMIT", 1]]
  ↳ app/controllers/concerns/api/v1/airlines_controller.rb:12
  [1m[35m (0.1ms)[0m  [1m[34mSELECT "reviews"."id" FROM "reviews" WHERE "reviews"."airline_id" = $1[0m  [["airline_id", 1]]
  ↳ app/controllers/concerns/api/v1/airlines_controller.rb:14
  [1m[36mReview Load (0.1ms)[0m  [1m[34mSELECT "reviews".* FROM "reviews" WHERE "reviews"."airline_id" = $1[0m  [["airline_id", 1]]
  ↳ app/controllers/concerns/api/v1/airlines_controller.rb:14
Completed 200 OK in 3ms (Views: 0.1ms | ActiveRecord: 0.3ms)


Started DELETE "/api/v1/reviews/1" for ::1 at 2022-11-27 15:41:17 +1100
  
AbstractController::ActionNotFound (The action 'destroy' could not be found for Api::V1::ReviewsController):
  
actionpack (5.2.8.1) lib/abstract_controller/base.rb:129:in `process'
actionview (5.2.8.1) lib/action_view/rendering.rb:32:in `process'
actionpack (5.2.8.1) lib/action_controller/metal.rb:191:in `dispatch'
actionpack (5.2.8.1) lib/action_controller/metal.rb:252:in `dispatch'
actionpack (5.2.8.1) lib/action_dispatch/routing/route_set.rb:52:in `dispatch'
actionpack (5.2.8.1) lib/action_dispatch/routing/route_set.rb:34:in `serve'
actionpack (5.2.8.1) lib/action_dispatch/journey/router.rb:52:in `block in serve'
actionpack (5.2.8.1) lib/action_dispatch/journey/router.rb:35:in `each'
actionpack (5.2.8.1) lib/action_dispatch/journey/router.rb:35:in `serve'
actionpack (5.2.8.1) lib/action_dispatch/routing/route_set.rb:840:in `call'
rack (2.2.4) lib/rack/tempfile_reaper.rb:15:in `call'
rack (2.2.4) lib/rack/etag.rb:27:in `call'
rack (2.2.4) lib/rack/conditional_get.rb:40:in `call'
rack (2.2.4) lib/rack/head.rb:12:in `call'
actionpack (5.2.8.1) lib/action_dispatch/http/content_security_policy.rb:18:in `call'
rack (2.2.4) lib/rack/session/abstract/id.rb:266:in `context'
rack (2.2.4) lib/rack/session/abstract/id.rb:260:in `call'
actionpack (5.2.8.1) lib/action_dispatch/middleware/cookies.rb:670:in `call'
activerecord (5.2.8.1) lib/active_record/migration.rb:559:in `call'
actionpack (5.2.8.1) lib/action_dispatch/middleware/callbacks.rb:28:in `block in call'
activesupport (5.2.8.1) lib/active_support/callbacks.rb:98:in `run_callbacks'
actionpack (5.2.8.1) lib/action_dispatch/middleware/callbacks.rb:26:in `call'
actionpack (5.2.8.1) lib/action_dispatch/middleware/executor.rb:14:in `call'
actionpack (5.2.8.1) lib/action_dispatch/middleware/debug_exceptions.rb:61:in `call'
web-console (3.7.0) lib/web_console/middleware.rb:135:in `call_app'
web-console (3.7.0) lib/web_console/middleware.rb:30:in `block in call'
web-console (3.7.0) lib/web_console/middleware.rb:20:in `catch'
web-console (3.7.0) lib/web_console/middleware.rb:20:in `call'
actionpack (5.2.8.1) lib/action_dispatch/middleware/show_exceptions.rb:33:in `call'
railties (5.2.8.1) lib/rails/rack/logger.rb:38:in `call_app'
railties (5.2.8.1) lib/rails/rack/logger.rb:26:in `block in call'
activesupport (5.2.8.1) lib/active_support/tagged_logging.rb:71:in `block in tagged'
activesupport (5.2.8.1) lib/active_support/tagged_logging.rb:28:in `tagged'
activesupport (5.2.8.1) lib/active_support/tagged_logging.rb:71:in `tagged'
railties (5.2.8.1) lib/rails/rack/logger.rb:26:in `call'
sprockets-rails (3.4.2) lib/sprockets/rails/quiet_assets.rb:13:in `call'
actionpack (5.2.8.1) lib/action_dispatch/middleware/remote_ip.rb:81:in `call'
actionpack (5.2.8.1) lib/action_dispatch/middleware/request_id.rb:27:in `call'
rack (2.2.4) lib/rack/method_override.rb:24:in `call'
rack (2.2.4) lib/rack/runtime.rb:22:in `call'
activesupport (5.2.8.1) lib/active_support/cache/strategy/local_cache_middleware.rb:29:in `call'
actionpack (5.2.8.1) lib/action_dispatch/middleware/executor.rb:14:in `call'
actionpack (5.2.8.1) lib/action_dispatch/middleware/static.rb:127:in `call'
rack (2.2.4) lib/rack/sendfile.rb:110:in `call'
webpacker (5.4.3) lib/webpacker/dev_server_proxy.rb:25:in `perform_request'
rack-proxy (0.7.4) lib/rack/proxy.rb:78:in `call'
railties (5.2.8.1) lib/rails/engine.rb:524:in `call'
puma (3.12.6) lib/puma/configuration.rb:227:in `call'
puma (3.12.6) lib/puma/server.rb:706:in `handle_request'
puma (3.12.6) lib/puma/server.rb:476:in `process_client'
puma (3.12.6) lib/puma/server.rb:334:in `block in run'
puma (3.12.6) lib/puma/thread_pool.rb:135:in `block in spawn_thread'
Started DELETE "/api/v1/reviews/1" for ::1 at 2022-11-27 15:41:37 +1100
  
AbstractController::ActionNotFound (The action 'destroy' could not be found for Api::V1::ReviewsController):
  
actionpack (5.2.8.1) lib/abstract_controller/base.rb:129:in `process'
actionview (5.2.8.1) lib/action_view/rendering.rb:32:in `process'
actionpack (5.2.8.1) lib/action_controller/metal.rb:191:in `dispatch'
actionpack (5.2.8.1) lib/action_controller/metal.rb:252:in `dispatch'
actionpack (5.2.8.1) lib/action_dispatch/routing/route_set.rb:52:in `dispatch'
actionpack (5.2.8.1) lib/action_dispatch/routing/route_set.rb:34:in `serve'
actionpack (5.2.8.1) lib/action_dispatch/journey/router.rb:52:in `block in serve'
actionpack (5.2.8.1) lib/action_dispatch/journey/router.rb:35:in `each'
actionpack (5.2.8.1) lib/action_dispatch/journey/router.rb:35:in `serve'
actionpack (5.2.8.1) lib/action_dispatch/routing/route_set.rb:840:in `call'
rack (2.2.4) lib/rack/tempfile_reaper.rb:15:in `call'
rack (2.2.4) lib/rack/etag.rb:27:in `call'
rack (2.2.4) lib/rack/conditional_get.rb:40:in `call'
rack (2.2.4) lib/rack/head.rb:12:in `call'
actionpack (5.2.8.1) lib/action_dispatch/http/content_security_policy.rb:18:in `call'
rack (2.2.4) lib/rack/session/abstract/id.rb:266:in `context'
rack (2.2.4) lib/rack/session/abstract/id.rb:260:in `call'
actionpack (5.2.8.1) lib/action_dispatch/middleware/cookies.rb:670:in `call'
activerecord (5.2.8.1) lib/active_record/migration.rb:559:in `call'
actionpack (5.2.8.1) lib/action_dispatch/middleware/callbacks.rb:28:in `block in call'
activesupport (5.2.8.1) lib/active_support/callbacks.rb:98:in `run_callbacks'
actionpack (5.2.8.1) lib/action_dispatch/middleware/callbacks.rb:26:in `call'
actionpack (5.2.8.1) lib/action_dispatch/middleware/executor.rb:14:in `call'
actionpack (5.2.8.1) lib/action_dispatch/middleware/debug_exceptions.rb:61:in `call'
web-console (3.7.0) lib/web_console/middleware.rb:135:in `call_app'
web-console (3.7.0) lib/web_console/middleware.rb:30:in `block in call'
web-console (3.7.0) lib/web_console/middleware.rb:20:in `catch'
web-console (3.7.0) lib/web_console/middleware.rb:20:in `call'
actionpack (5.2.8.1) lib/action_dispatch/middleware/show_exceptions.rb:33:in `call'
railties (5.2.8.1) lib/rails/rack/logger.rb:38:in `call_app'
railties (5.2.8.1) lib/rails/rack/logger.rb:26:in `block in call'
activesupport (5.2.8.1) lib/active_support/tagged_logging.rb:71:in `block in tagged'
activesupport (5.2.8.1) lib/active_support/tagged_logging.rb:28:in `tagged'
activesupport (5.2.8.1) lib/active_support/tagged_logging.rb:71:in `tagged'
railties (5.2.8.1) lib/rails/rack/logger.rb:26:in `call'
sprockets-rails (3.4.2) lib/sprockets/rails/quiet_assets.rb:13:in `call'
actionpack (5.2.8.1) lib/action_dispatch/middleware/remote_ip.rb:81:in `call'
actionpack (5.2.8.1) lib/action_dispatch/middleware/request_id.rb:27:in `call'
rack (2.2.4) lib/rack/method_override.rb:24:in `call'
rack (2.2.4) lib/rack/runtime.rb:22:in `call'
activesupport (5.2.8.1) lib/active_support/cache/strategy/local_cache_middleware.rb:29:in `call'
actionpack (5.2.8.1) lib/action_dispatch/middleware/executor.rb:14:in `call'
actionpack (5.2.8.1) lib/action_dispatch/middleware/static.rb:127:in `call'
rack (2.2.4) lib/rack/sendfile.rb:110:in `call'
webpacker (5.4.3) lib/webpacker/dev_server_proxy.rb:25:in `perform_request'
rack-proxy (0.7.4) lib/rack/proxy.rb:78:in `call'
railties (5.2.8.1) lib/rails/engine.rb:524:in `call'
puma (3.12.6) lib/puma/configuration.rb:227:in `call'
puma (3.12.6) lib/puma/server.rb:706:in `handle_request'
puma (3.12.6) lib/puma/server.rb:476:in `process_client'
puma (3.12.6) lib/puma/server.rb:334:in `block in run'
puma (3.12.6) lib/puma/thread_pool.rb:135:in `block in spawn_thread'
Started DELETE "/api/v1/reviews/1" for ::1 at 2022-11-27 15:41:48 +1100
Processing by Api::V1::ReviewsController#destroy as */*
  Parameters: {"id"=>"1"}
Can't verify CSRF token authenticity.
  [1m[36mReview Load (0.2ms)[0m  [1m[34mSELECT  "reviews".* FROM "reviews" WHERE "reviews"."id" = $1 LIMIT $2[0m  [["id", 1], ["LIMIT", 1]]
  ↳ app/controllers/concerns/api/v1/reviews_controller.rb:17
Completed 500 Internal Server Error in 15ms (ActiveRecord: 2.4ms)


  
NoMethodError (undefined method `destory' for #<Review:0x000056451571c9f0>
Did you mean?  destroy):
  
app/controllers/concerns/api/v1/reviews_controller.rb:19:in `destroy'
Started DELETE "/api/v1/reviews/1" for ::1 at 2022-11-27 15:42:10 +1100
Processing by Api::V1::ReviewsController#destroy as */*
  Parameters: {"id"=>"1"}
Can't verify CSRF token authenticity.
  [1m[36mReview Load (0.2ms)[0m  [1m[34mSELECT  "reviews".* FROM "reviews" WHERE "reviews"."id" = $1 LIMIT $2[0m  [["id", 1], ["LIMIT", 1]]
  ↳ app/controllers/concerns/api/v1/reviews_controller.rb:17
  [1m[35m (0.1ms)[0m  [1m[35mBEGIN[0m
  ↳ app/controllers/concerns/api/v1/reviews_controller.rb:19
  [1m[36mReview Destroy (0.1ms)[0m  [1m[31mDELETE FROM "reviews" WHERE "reviews"."id" = $1[0m  [["id", 1]]
  ↳ app/controllers/concerns/api/v1/reviews_controller.rb:19
  [1m[35m (0.4ms)[0m  [1m[35mCOMMIT[0m
  ↳ app/controllers/concerns/api/v1/reviews_controller.rb:19
Completed 204 No Content in 12ms (ActiveRecord: 2.4ms)


Started GET "/api/v1/airlines/united-airlines" for ::1 at 2022-11-27 15:42:14 +1100
Processing by Api::V1::AirlinesController#show as */*
  Parameters: {"slug"=>"united-airlines"}
  [1m[36mAirline Load (0.1ms)[0m  [1m[34mSELECT  "airlines".* FROM "airlines" WHERE "airlines"."slug" = $1 LIMIT $2[0m  [["slug", "united-airlines"], ["LIMIT", 1]]
  ↳ app/controllers/concerns/api/v1/airlines_controller.rb:12
  [1m[35m (0.2ms)[0m  [1m[34mSELECT "reviews"."id" FROM "reviews" WHERE "reviews"."airline_id" = $1[0m  [["airline_id", 1]]
  ↳ app/controllers/concerns/api/v1/airlines_controller.rb:14
  [1m[36mReview Load (0.1ms)[0m  [1m[34mSELECT "reviews".* FROM "reviews" WHERE "reviews"."airline_id" = $1[0m  [["airline_id", 1]]
  ↳ app/controllers/concerns/api/v1/airlines_controller.rb:14
Completed 200 OK in 8ms (Views: 0.1ms | ActiveRecord: 1.6ms)


Started GET "/api/v1/airlines/united-airlines" for ::1 at 2022-11-27 15:42:15 +1100
Processing by Api::V1::AirlinesController#show as */*
  Parameters: {"slug"=>"united-airlines"}
  [1m[36mAirline Load (0.2ms)[0m  [1m[34mSELECT  "airlines".* FROM "airlines" WHERE "airlines"."slug" = $1 LIMIT $2[0m  [["slug", "united-airlines"], ["LIMIT", 1]]
  ↳ app/controllers/concerns/api/v1/airlines_controller.rb:12
  [1m[35m (0.1ms)[0m  [1m[34mSELECT "reviews"."id" FROM "reviews" WHERE "reviews"."airline_id" = $1[0m  [["airline_id", 1]]
  ↳ app/controllers/concerns/api/v1/airlines_controller.rb:14
  [1m[36mReview Load (0.1ms)[0m  [1m[34mSELECT "reviews".* FROM "reviews" WHERE "reviews"."airline_id" = $1[0m  [["airline_id", 1]]
  ↳ app/controllers/concerns/api/v1/airlines_controller.rb:14
Completed 200 OK in 2ms (Views: 0.1ms | ActiveRecord: 0.3ms)


Started DELETE "/api/v1/reviews/3" for ::1 at 2022-11-27 15:42:20 +1100
Processing by Api::V1::ReviewsController#destroy as */*
  Parameters: {"id"=>"3"}
Can't verify CSRF token authenticity.
  [1m[36mReview Load (0.2ms)[0m  [1m[34mSELECT  "reviews".* FROM "reviews" WHERE "reviews"."id" = $1 LIMIT $2[0m  [["id", 3], ["LIMIT", 1]]
  ↳ app/controllers/concerns/api/v1/reviews_controller.rb:17
  [1m[35m (0.0ms)[0m  [1m[35mBEGIN[0m
  ↳ app/controllers/concerns/api/v1/reviews_controller.rb:19
  [1m[36mReview Destroy (0.1ms)[0m  [1m[31mDELETE FROM "reviews" WHERE "reviews"."id" = $1[0m  [["id", 3]]
  ↳ app/controllers/concerns/api/v1/reviews_controller.rb:19
  [1m[35m (9.4ms)[0m  [1m[35mCOMMIT[0m
  ↳ app/controllers/concerns/api/v1/reviews_controller.rb:19
Completed 204 No Content in 11ms (ActiveRecord: 9.7ms)


Started GET "/api/v1/airlines/united-airlines" for ::1 at 2022-11-27 15:42:22 +1100
Processing by Api::V1::AirlinesController#show as */*
  Parameters: {"slug"=>"united-airlines"}
  [1m[36mAirline Load (0.2ms)[0m  [1m[34mSELECT  "airlines".* FROM "airlines" WHERE "airlines"."slug" = $1 LIMIT $2[0m  [["slug", "united-airlines"], ["LIMIT", 1]]
  ↳ app/controllers/concerns/api/v1/airlines_controller.rb:12
  [1m[35m (0.2ms)[0m  [1m[34mSELECT "reviews"."id" FROM "reviews" WHERE "reviews"."airline_id" = $1[0m  [["airline_id", 1]]
  ↳ app/controllers/concerns/api/v1/airlines_controller.rb:14
  [1m[36mReview Load (0.1ms)[0m  [1m[34mSELECT "reviews".* FROM "reviews" WHERE "reviews"."airline_id" = $1[0m  [["airline_id", 1]]
  ↳ app/controllers/concerns/api/v1/airlines_controller.rb:14
Completed 200 OK in 3ms (Views: 0.1ms | ActiveRecord: 0.4ms)


